[ParsingEvaluation] taget object contains 12 objects
[ParsingEvaluation] warn: 144 unordered objects were found and discarded
[ParsingEvaluation] warn: a sketch has no object of the accepted labels -- its labels are['Star Bullet']
[ParsingEvaluation] testing directory contains 2219 objects
[ParsingEvaluation] after cleaning, taget object contains 9 objects
[ParsingEvaluation] after cleaning, testing directory contains 2219 objects
[ParsingEvaluation] Total number of objects:  2219
[ParsingEvaluation] Single stroke objects:  1590
[ParsingEvaluation] Single stroke/number of objects ration:  0.7165389815232086
[StrokeClustering] info: eps initial value:7
[StrokeClustering] info: mn_samples:36
[run-experiment] resorting checkpoint if exists
[Checkpoint] Restored, step #207536
original embeddings obtained
[StrokeClustering] info: total 27 object not found in combinations. Might be eliminated as a part of other selected object
[StokeClustering] info: iter 0 - total 1758 false negative
[StokeClustering] info: iter 0 - total 712 false positive
[StokeClustering] info: iter 0 total 462 true positive
[StokeClustering] info: iter 0 precision:0.393526405451448
[StokeClustering] info: iter 0 recall:0.20810810810810812
[StrokeClustering] info: 2 objects were discarded
-------------------------------------------------------------
[StrokeClustering] info: total 27 object not found in combinations. Might be eliminated as a part of other selected object
[StokeClustering] info: iter 1 - total 1745 false negative
[StokeClustering] info: iter 1 - total 719 false positive
[StokeClustering] info: iter 1 total 475 true positive
[StokeClustering] info: iter 1 precision:0.39782244556113905
[StokeClustering] info: iter 1 recall:0.21396396396396397
[StrokeClustering] info: 0 objects were discarded
-------------------------------------------------------------
[StrokeClustering] info: total 27 object not found in combinations. Might be eliminated as a part of other selected object
[StokeClustering] info: iter 2 - total 1690 false negative
[StokeClustering] info: iter 2 - total 732 false positive
[StokeClustering] info: iter 2 total 530 true positive
[StokeClustering] info: iter 2 precision:0.41996830427892234
[StokeClustering] info: iter 2 recall:0.23873873873873874
[StrokeClustering] info: 0 objects were discarded
-------------------------------------------------------------
[StrokeClustering] info: total 27 object not found in combinations. Might be eliminated as a part of other selected object
[StokeClustering] info: iter 3 - total 1612 false negative
[StokeClustering] info: iter 3 - total 750 false positive
[StokeClustering] info: iter 3 total 609 true positive
[StokeClustering] info: iter 3 precision:0.4481236203090508
[StokeClustering] info: iter 3 recall:0.2742008104457452
[StrokeClustering] info: 0 objects were discarded
-------------------------------------------------------------
[StrokeClustering] info: total 27 object not found in combinations. Might be eliminated as a part of other selected object
[StokeClustering] info: iter 4 - total 1577 false negative
[StokeClustering] info: iter 4 - total 761 false positive
[StokeClustering] info: iter 4 total 644 true positive
[StokeClustering] info: iter 4 precision:0.4583629893238434
[StokeClustering] info: iter 4 recall:0.289959477712742
[StrokeClustering] info: 2 objects were discarded
-------------------------------------------------------------
[StrokeClustering] info: total 27 object not found in combinations. Might be eliminated as a part of other selected object
[StokeClustering] info: iter 5 - total 1491 false negative
[StokeClustering] info: iter 5 - total 772 false positive
[StokeClustering] info: iter 5 total 730 true positive
[StokeClustering] info: iter 5 precision:0.48601864181091875
[StokeClustering] info: iter 5 recall:0.32868077442593424
[StrokeClustering] info: 0 objects were discarded
-------------------------------------------------------------
[StrokeClustering] info: total 27 object not found in combinations. Might be eliminated as a part of other selected object
[StokeClustering] info: iter 6 - total 1451 false negative
[StokeClustering] info: iter 6 - total 783 false positive
[StokeClustering] info: iter 6 total 770 true positive
[StokeClustering] info: iter 6 precision:0.49581455247907275
[StokeClustering] info: iter 6 recall:0.34669067987393065
[StrokeClustering] info: 0 objects were discarded
-------------------------------------------------------------
[StrokeClustering] info: total 27 object not found in combinations. Might be eliminated as a part of other selected object
[StokeClustering] info: iter 7 - total 1425 false negative
[StokeClustering] info: iter 7 - total 791 false positive
[StokeClustering] info: iter 7 total 796 true positive
[StokeClustering] info: iter 7 precision:0.5015752993068683
[StokeClustering] info: iter 7 recall:0.35839711841512834
[StrokeClustering] info: 2 objects were discarded
-------------------------------------------------------------
[StrokeClustering] info: total 27 object not found in combinations. Might be eliminated as a part of other selected object
[StokeClustering] info: iter 8 - total 1400 false negative
[StokeClustering] info: iter 8 - total 803 false positive
[StokeClustering] info: iter 8 total 821 true positive
[StokeClustering] info: iter 8 precision:0.5055418719211823
[StokeClustering] info: iter 8 recall:0.3696533093201261
[StrokeClustering] info: 147 objects were discarded
-------------------------------------------------------------
[StrokeClustering] info: total 27 object not found in combinations. Might be eliminated as a part of other selected object
[StokeClustering] info: iter 9 - total 1372 false negative
[StokeClustering] info: iter 9 - total 722 false positive
[StokeClustering] info: iter 9 total 849 true positive
[StokeClustering] info: iter 9 precision:0.5404201145767027
[StokeClustering] info: iter 9 recall:0.38226024313372353
[StrokeClustering] info: 6 objects were discarded
-------------------------------------------------------------
[StrokeClustering] info: total 27 object not found in combinations. Might be eliminated as a part of other selected object
[StokeClustering] info: iter 10 - total 1341 false negative
[StokeClustering] info: iter 10 - total 732 false positive
[StokeClustering] info: iter 10 total 880 true positive
[StokeClustering] info: iter 10 precision:0.5459057071960298
[StokeClustering] info: iter 10 recall:0.39621791985592075
[StrokeClustering] info: 23 objects were discarded
-------------------------------------------------------------
[StrokeClustering] info: total 27 object not found in combinations. Might be eliminated as a part of other selected object
[StokeClustering] info: iter 11 - total 1313 false negative
[StokeClustering] info: iter 11 - total 731 false positive
[StokeClustering] info: iter 11 total 908 true positive
[StokeClustering] info: iter 11 precision:0.5539963392312386
[StokeClustering] info: iter 11 recall:0.40882485366951826
[StrokeClustering] info: 20 objects were discarded
-------------------------------------------------------------
[StrokeClustering] info: total 28 object not found in combinations. Might be eliminated as a part of other selected object
[StokeClustering] info: iter 12 - total 1282 false negative
[StokeClustering] info: iter 12 - total 727 false positive
[StokeClustering] info: iter 12 total 940 true positive
[StokeClustering] info: iter 12 precision:0.563887222555489
[StokeClustering] info: iter 12 recall:0.42304230423042305
[StrokeClustering] info: 13 objects were discarded
-------------------------------------------------------------
[StrokeClustering] info: total 28 object not found in combinations. Might be eliminated as a part of other selected object
[StokeClustering] info: iter 13 - total 1261 false negative
[StokeClustering] info: iter 13 - total 724 false positive
[StokeClustering] info: iter 13 total 962 true positive
[StokeClustering] info: iter 13 precision:0.5705812574139977
[StokeClustering] info: iter 13 recall:0.4327485380116959
[StrokeClustering] info: 11 objects were discarded
-------------------------------------------------------------
[StrokeClustering] info: total 28 object not found in combinations. Might be eliminated as a part of other selected object
[StokeClustering] info: iter 14 - total 1245 false negative
[StokeClustering] info: iter 14 - total 724 false positive
[StokeClustering] info: iter 14 total 978 true positive
[StokeClustering] info: iter 14 precision:0.5746180963572268
[StokeClustering] info: iter 14 recall:0.4399460188933873
[StrokeClustering] info: 6 objects were discarded
-------------------------------------------------------------
[StrokeClustering] info: total 28 object not found in combinations. Might be eliminated as a part of other selected object
[StokeClustering] info: iter 15 - total 1217 false negative
[StokeClustering] info: iter 15 - total 730 false positive
[StokeClustering] info: iter 15 total 1006 true positive
[StokeClustering] info: iter 15 precision:0.5794930875576036
[StokeClustering] info: iter 15 recall:0.4525416104363473
[StrokeClustering] info: 6 objects were discarded
-------------------------------------------------------------
[StrokeClustering] info: total 28 object not found in combinations. Might be eliminated as a part of other selected object
[StokeClustering] info: iter 16 - total 1187 false negative
[StokeClustering] info: iter 16 - total 737 false positive
[StokeClustering] info: iter 16 total 1036 true positive
[StokeClustering] info: iter 16 precision:0.5843203609701072
[StokeClustering] info: iter 16 recall:0.4660368870895187
[StrokeClustering] info: 23 objects were discarded
-------------------------------------------------------------
[StrokeClustering] info: total 28 object not found in combinations. Might be eliminated as a part of other selected object
[StokeClustering] info: iter 17 - total 1139 false negative
[StokeClustering] info: iter 17 - total 735 false positive
[StokeClustering] info: iter 17 total 1084 true positive
[StokeClustering] info: iter 17 precision:0.5959318306761957
[StokeClustering] info: iter 17 recall:0.4876293297345929
[StrokeClustering] info: 37 objects were discarded
-------------------------------------------------------------
[StrokeClustering] info: total 28 object not found in combinations. Might be eliminated as a part of other selected object
[StokeClustering] info: iter 18 - total 1105 false negative
[StokeClustering] info: iter 18 - total 719 false positive
[StokeClustering] info: iter 18 total 1118 true positive
[StokeClustering] info: iter 18 precision:0.6086009798584648
[StokeClustering] info: iter 18 recall:0.5029239766081871
[StrokeClustering] info: 83 objects were discarded
-------------------------------------------------------------
[StrokeClustering] info: total 29 object not found in combinations. Might be eliminated as a part of other selected object
[StokeClustering] info: iter 19 - total 1075 false negative
[StokeClustering] info: iter 19 - total 692 false positive
[StokeClustering] info: iter 19 total 1148 true positive
[StokeClustering] info: iter 19 precision:0.6239130434782608
[StokeClustering] info: iter 19 recall:0.5164192532613585
[StrokeClustering] info: 36 objects were discarded
-------------------------------------------------------------
[StrokeClustering] info: total 29 object not found in combinations. Might be eliminated as a part of other selected object
[StokeClustering] info: iter 20 - total 1061 false negative
[StokeClustering] info: iter 20 - total 682 false positive
[StokeClustering] info: iter 20 total 1161 true positive
[StokeClustering] info: iter 20 precision:0.6299511665762344
[StokeClustering] info: iter 20 recall:0.5225022502250225
[StrokeClustering] info: 26 objects were discarded
-------------------------------------------------------------
[StrokeClustering] info: total 30 object not found in combinations. Might be eliminated as a part of other selected object
[StokeClustering] info: iter 21 - total 1038 false negative
[StokeClustering] info: iter 21 - total 680 false positive
[StokeClustering] info: iter 21 total 1183 true positive
[StokeClustering] info: iter 21 precision:0.6349973161567365
[StokeClustering] info: iter 21 recall:0.5326429536244934
[StrokeClustering] info: 12 objects were discarded
-------------------------------------------------------------
[StrokeClustering] info: total 30 object not found in combinations. Might be eliminated as a part of other selected object
[StokeClustering] info: iter 22 - total 1026 false negative
[StokeClustering] info: iter 22 - total 676 false positive
[StokeClustering] info: iter 22 total 1194 true positive
[StokeClustering] info: iter 22 precision:0.6385026737967915
[StokeClustering] info: iter 22 recall:0.5378378378378378
[StrokeClustering] info: 2 objects were discarded
-------------------------------------------------------------
[StrokeClustering] info: total 30 object not found in combinations. Might be eliminated as a part of other selected object
[StokeClustering] info: iter 23 - total 997 false negative
[StokeClustering] info: iter 23 - total 723 false positive
[StokeClustering] info: iter 23 total 1223 true positive
[StokeClustering] info: iter 23 precision:0.6284686536485098
[StokeClustering] info: iter 23 recall:0.5509009009009009
[StrokeClustering] info: 35 objects were discarded
-------------------------------------------------------------
[StrokeClustering] info: total 32 object not found in combinations. Might be eliminated as a part of other selected object
[StokeClustering] info: iter 24 - total 983 false negative
[StokeClustering] info: iter 24 - total 715 false positive
[StokeClustering] info: iter 24 total 1238 true positive
[StokeClustering] info: iter 24 precision:0.6338965693804404
[StokeClustering] info: iter 24 recall:0.5574065736154885
[StrokeClustering] info: 20 objects were discarded
-------------------------------------------------------------
[StrokeClustering] info: total 32 object not found in combinations. Might be eliminated as a part of other selected object
[StokeClustering] info: iter 25 - total 959 false negative
[StokeClustering] info: iter 25 - total 712 false positive
[StokeClustering] info: iter 25 total 1261 true positive
[StokeClustering] info: iter 25 precision:0.6391282311201216
[StokeClustering] info: iter 25 recall:0.568018018018018
[StrokeClustering] info: 40 objects were discarded
-------------------------------------------------------------
[StrokeClustering] info: total 34 object not found in combinations. Might be eliminated as a part of other selected object
[StokeClustering] info: iter 26 - total 938 false negative
[StokeClustering] info: iter 26 - total 702 false positive
[StokeClustering] info: iter 26 total 1282 true positive
[StokeClustering] info: iter 26 precision:0.6461693548387096
[StokeClustering] info: iter 26 recall:0.5774774774774775
[StrokeClustering] info: 15 objects were discarded
-------------------------------------------------------------
[StrokeClustering] info: total 34 object not found in combinations. Might be eliminated as a part of other selected object
[StokeClustering] info: iter 27 - total 918 false negative
[StokeClustering] info: iter 27 - total 698 false positive
[StokeClustering] info: iter 27 total 1302 true positive
[StokeClustering] info: iter 27 precision:0.651
[StokeClustering] info: iter 27 recall:0.5864864864864865
[StrokeClustering] info: 22 objects were discarded
-------------------------------------------------------------
[StrokeClustering] info: total 34 object not found in combinations. Might be eliminated as a part of other selected object
[StokeClustering] info: iter 28 - total 896 false negative
[StokeClustering] info: iter 28 - total 692 false positive
[StokeClustering] info: iter 28 total 1324 true positive
[StokeClustering] info: iter 28 precision:0.6567460317460317
[StokeClustering] info: iter 28 recall:0.5963963963963964
[StrokeClustering] info: 33 objects were discarded
-------------------------------------------------------------
[StrokeClustering] info: total 34 object not found in combinations. Might be eliminated as a part of other selected object
[StokeClustering] info: iter 29 - total 885 false negative
[StokeClustering] info: iter 29 - total 684 false positive
[StokeClustering] info: iter 29 total 1335 true positive
[StokeClustering] info: iter 29 precision:0.6612184249628529
[StokeClustering] info: iter 29 recall:0.6013513513513513
[StrokeClustering] info: 14 objects were discarded
-------------------------------------------------------------
[StrokeClustering] info: total 34 object not found in combinations. Might be eliminated as a part of other selected object
[StokeClustering] info: iter 30 - total 871 false negative
[StokeClustering] info: iter 30 - total 687 false positive
[StokeClustering] info: iter 30 total 1349 true positive
[StokeClustering] info: iter 30 precision:0.662573673870334
[StokeClustering] info: iter 30 recall:0.6076576576576577
[StrokeClustering] info: 36 objects were discarded
-------------------------------------------------------------
[StrokeClustering] info: total 36 object not found in combinations. Might be eliminated as a part of other selected object
[StokeClustering] info: iter 31 - total 858 false negative
[StokeClustering] info: iter 31 - total 686 false positive
[StokeClustering] info: iter 31 total 1361 true positive
[StokeClustering] info: iter 31 precision:0.6648754274548119
[StokeClustering] info: iter 31 recall:0.6133393420459666
[StrokeClustering] info: 20 objects were discarded
-------------------------------------------------------------
[StrokeClustering] info: total 38 object not found in combinations. Might be eliminated as a part of other selected object
[StokeClustering] info: iter 32 - total 844 false negative
[StokeClustering] info: iter 32 - total 682 false positive
[StokeClustering] info: iter 32 total 1375 true positive
[StokeClustering] info: iter 32 precision:0.6684491978609626
[StokeClustering] info: iter 32 recall:0.6196484903109509
[StrokeClustering] info: 37 objects were discarded
-------------------------------------------------------------
[StrokeClustering] info: total 42 object not found in combinations. Might be eliminated as a part of other selected object
[StokeClustering] info: iter 33 - total 835 false negative
[StokeClustering] info: iter 33 - total 672 false positive
[StokeClustering] info: iter 33 total 1385 true positive
[StokeClustering] info: iter 33 precision:0.6733106465726787
[StokeClustering] info: iter 33 recall:0.6238738738738738
[StrokeClustering] info: 15 objects were discarded
-------------------------------------------------------------
[StrokeClustering] info: total 42 object not found in combinations. Might be eliminated as a part of other selected object
[StokeClustering] info: iter 34 - total 828 false negative
[StokeClustering] info: iter 34 - total 673 false positive
[StokeClustering] info: iter 34 total 1392 true positive
[StokeClustering] info: iter 34 precision:0.67409200968523
[StokeClustering] info: iter 34 recall:0.6270270270270271
[StrokeClustering] info: 8 objects were discarded
-------------------------------------------------------------
[StrokeClustering] info: total 42 object not found in combinations. Might be eliminated as a part of other selected object
[StokeClustering] info: iter 35 - total 818 false negative
[StokeClustering] info: iter 35 - total 677 false positive
[StokeClustering] info: iter 35 total 1401 true positive
[StokeClustering] info: iter 35 precision:0.6742059672762272
[StokeClustering] info: iter 35 recall:0.6313654799459216
[StrokeClustering] info: 6 objects were discarded
-------------------------------------------------------------
[StrokeClustering] info: total 42 object not found in combinations. Might be eliminated as a part of other selected object
[StokeClustering] info: iter 36 - total 802 false negative
[StokeClustering] info: iter 36 - total 681 false positive
[StokeClustering] info: iter 36 total 1417 true positive
[StokeClustering] info: iter 36 precision:0.6754051477597712
[StokeClustering] info: iter 36 recall:0.6385759351059036
[StrokeClustering] info: 25 objects were discarded
-------------------------------------------------------------
[StrokeClustering] info: total 42 object not found in combinations. Might be eliminated as a part of other selected object
[StokeClustering] info: iter 37 - total 786 false negative
[StokeClustering] info: iter 37 - total 680 false positive
[StokeClustering] info: iter 37 total 1433 true positive
[StokeClustering] info: iter 37 precision:0.6781826786559394
[StokeClustering] info: iter 37 recall:0.6457863902658856
[StrokeClustering] info: 39 objects were discarded
-------------------------------------------------------------
[StrokeClustering] info: total 46 object not found in combinations. Might be eliminated as a part of other selected object
[StokeClustering] info: iter 38 - total 773 false negative
[StokeClustering] info: iter 38 - total 677 false positive
[StokeClustering] info: iter 38 total 1448 true positive
[StokeClustering] info: iter 38 precision:0.6814117647058824
[StokeClustering] info: iter 38 recall:0.6519585772174696
[StrokeClustering] info: 38 objects were discarded
-------------------------------------------------------------
[StrokeClustering] info: total 46 object not found in combinations. Might be eliminated as a part of other selected object
[StokeClustering] info: iter 39 - total 762 false negative
[StokeClustering] info: iter 39 - total 664 false positive
[StokeClustering] info: iter 39 total 1459 true positive
[StokeClustering] info: iter 39 precision:0.6872350447479981
[StokeClustering] info: iter 39 recall:0.6569113012156687
[StrokeClustering] info: 32 objects were discarded
-------------------------------------------------------------
[StrokeClustering] info: total 48 object not found in combinations. Might be eliminated as a part of other selected object
[StokeClustering] info: iter 40 - total 748 false negative
[StokeClustering] info: iter 40 - total 652 false positive
[StokeClustering] info: iter 40 total 1473 true positive
[StokeClustering] info: iter 40 precision:0.6931764705882353
[StokeClustering] info: iter 40 recall:0.6632147681224674
[StrokeClustering] info: 14 objects were discarded
-------------------------------------------------------------
[StrokeClustering] info: total 48 object not found in combinations. Might be eliminated as a part of other selected object
[StokeClustering] info: iter 41 - total 733 false negative
[StokeClustering] info: iter 41 - total 653 false positive
[StokeClustering] info: iter 41 total 1488 true positive
[StokeClustering] info: iter 41 precision:0.6950023353573097
[StokeClustering] info: iter 41 recall:0.669968482665466
[StrokeClustering] info: 16 objects were discarded
-------------------------------------------------------------
[StrokeClustering] info: total 50 object not found in combinations. Might be eliminated as a part of other selected object
[StokeClustering] info: iter 42 - total 711 false negative
[StokeClustering] info: iter 42 - total 649 false positive
[StokeClustering] info: iter 42 total 1510 true positive
[StokeClustering] info: iter 42 precision:0.6993978693839741
[StokeClustering] info: iter 42 recall:0.6798739306618641
[StrokeClustering] info: 47 objects were discarded
-------------------------------------------------------------
[StrokeClustering] info: total 50 object not found in combinations. Might be eliminated as a part of other selected object
[StokeClustering] info: iter 43 - total 694 false negative
[StokeClustering] info: iter 43 - total 628 false positive
[StokeClustering] info: iter 43 total 1527 true positive
[StokeClustering] info: iter 43 precision:0.708584686774942
[StokeClustering] info: iter 43 recall:0.6875281404772625
[StrokeClustering] info: 40 objects were discarded
-------------------------------------------------------------
[StrokeClustering] info: total 51 object not found in combinations. Might be eliminated as a part of other selected object
[StokeClustering] info: iter 44 - total 680 false negative
[StokeClustering] info: iter 44 - total 617 false positive
[StokeClustering] info: iter 44 total 1541 true positive
[StokeClustering] info: iter 44 precision:0.7140871177015755
[StokeClustering] info: iter 44 recall:0.6938316073840612
[StrokeClustering] info: 43 objects were discarded
-------------------------------------------------------------
[StrokeClustering] info: total 51 object not found in combinations. Might be eliminated as a part of other selected object
[StokeClustering] info: iter 45 - total 670 false negative
[StokeClustering] info: iter 45 - total 609 false positive
[StokeClustering] info: iter 45 total 1551 true positive
[StokeClustering] info: iter 45 precision:0.7180555555555556
[StokeClustering] info: iter 45 recall:0.6983340837460603
[StrokeClustering] info: 23 objects were discarded
-------------------------------------------------------------
[StrokeClustering] info: total 53 object not found in combinations. Might be eliminated as a part of other selected object
[StokeClustering] info: iter 46 - total 665 false negative
[StokeClustering] info: iter 46 - total 601 false positive
[StokeClustering] info: iter 46 total 1556 true positive
[StokeClustering] info: iter 46 precision:0.7213722763096894
[StokeClustering] info: iter 46 recall:0.7005853219270599
[StrokeClustering] info: 21 objects were discarded
-------------------------------------------------------------
[StrokeClustering] info: total 54 object not found in combinations. Might be eliminated as a part of other selected object
[StokeClustering] info: iter 47 - total 653 false negative
[StokeClustering] info: iter 47 - total 595 false positive
[StokeClustering] info: iter 47 total 1566 true positive
[StokeClustering] info: iter 47 precision:0.7246645071726052
[StokeClustering] info: iter 47 recall:0.7057232987832357
[StrokeClustering] info: 44 objects were discarded
-------------------------------------------------------------
[StrokeClustering] info: total 54 object not found in combinations. Might be eliminated as a part of other selected object
[StokeClustering] info: iter 48 - total 640 false negative
[StokeClustering] info: iter 48 - total 582 false positive
[StokeClustering] info: iter 48 total 1579 true positive
[StokeClustering] info: iter 48 precision:0.7306802406293382
[StokeClustering] info: iter 48 recall:0.711581793600721
[StrokeClustering] info: 9 objects were discarded
-------------------------------------------------------------
[StrokeClustering] info: total 55 object not found in combinations. Might be eliminated as a part of other selected object
[StokeClustering] info: iter 49 - total 629 false negative
[StokeClustering] info: iter 49 - total 593 false positive
[StokeClustering] info: iter 49 total 1590 true positive
[StokeClustering] info: iter 49 precision:0.728355474118186
[StokeClustering] info: iter 49 recall:0.7165389815232086
[StrokeClustering] info: 27 objects were discarded
-------------------------------------------------------------
[StrokeClustering] info: total 60 object not found in combinations. Might be eliminated as a part of other selected object
[StokeClustering] info: iter 50 - total 622 false negative
[StokeClustering] info: iter 50 - total 583 false positive
[StokeClustering] info: iter 50 total 1596 true positive
[StokeClustering] info: iter 50 precision:0.7324460761817347
[StokeClustering] info: iter 50 recall:0.7195671776375113
[StrokeClustering] info: 20 objects were discarded
-------------------------------------------------------------
[StrokeClustering] info: total 60 object not found in combinations. Might be eliminated as a part of other selected object
[StokeClustering] info: iter 51 - total 606 false negative
[StokeClustering] info: iter 51 - total 589 false positive
[StokeClustering] info: iter 51 total 1612 true positive
[StokeClustering] info: iter 51 precision:0.7323943661971831
[StokeClustering] info: iter 51 recall:0.7267808836789901
[StrokeClustering] info: 59 objects were discarded
-------------------------------------------------------------
[StrokeClustering] info: total 63 object not found in combinations. Might be eliminated as a part of other selected object
[StokeClustering] info: iter 52 - total 603 false negative
[StokeClustering] info: iter 52 - total 552 false positive
[StokeClustering] info: iter 52 total 1615 true positive
[StokeClustering] info: iter 52 precision:0.745269958467928
[StokeClustering] info: iter 52 recall:0.7281334535617674
[StrokeClustering] info: 6 objects were discarded
-------------------------------------------------------------
[StrokeClustering] info: total 63 object not found in combinations. Might be eliminated as a part of other selected object
[StokeClustering] info: iter 53 - total 594 false negative
[StokeClustering] info: iter 53 - total 559 false positive
[StokeClustering] info: iter 53 total 1624 true positive
[StokeClustering] info: iter 53 precision:0.7439303710490152
[StokeClustering] info: iter 53 recall:0.7321911632100991
[StrokeClustering] info: 12 objects were discarded
-------------------------------------------------------------
[StrokeClustering] info: total 63 object not found in combinations. Might be eliminated as a part of other selected object
[StokeClustering] info: iter 54 - total 578 false negative
[StokeClustering] info: iter 54 - total 576 false positive
[StokeClustering] info: iter 54 total 1639 true positive
[StokeClustering] info: iter 54 precision:0.7399548532731377
[StokeClustering] info: iter 54 recall:0.7392873252142534
[StrokeClustering] info: 66 objects were discarded
-------------------------------------------------------------
[StrokeClustering] info: total 67 object not found in combinations. Might be eliminated as a part of other selected object
[StokeClustering] info: iter 55 - total 573 false negative
[StokeClustering] info: iter 55 - total 535 false positive
[StokeClustering] info: iter 55 total 1642 true positive
[StokeClustering] info: iter 55 precision:0.754248966467616
[StokeClustering] info: iter 55 recall:0.7413092550790068
[StrokeClustering] info: 28 objects were discarded
-------------------------------------------------------------
[StrokeClustering] info: total 74 object not found in combinations. Might be eliminated as a part of other selected object
[StokeClustering] info: iter 56 - total 556 false negative
[StokeClustering] info: iter 56 - total 536 false positive
[StokeClustering] info: iter 56 total 1659 true positive
[StokeClustering] info: iter 56 precision:0.7558086560364464
[StokeClustering] info: iter 56 recall:0.7489841986455982
[StrokeClustering] info: 26 objects were discarded
-------------------------------------------------------------
[StrokeClustering] info: total 76 object not found in combinations. Might be eliminated as a part of other selected object
[StokeClustering] info: iter 57 - total 514 false negative
[StokeClustering] info: iter 57 - total 536 false positive
[StokeClustering] info: iter 57 total 1699 true positive
[StokeClustering] info: iter 57 precision:0.760178970917226
[StokeClustering] info: iter 57 recall:0.7677361048350655
[StrokeClustering] info: 128 objects were discarded
-------------------------------------------------------------
[StrokeClustering] info: total 81 object not found in combinations. Might be eliminated as a part of other selected object
[StokeClustering] info: iter 58 - total 504 false negative
[StokeClustering] info: iter 58 - total 531 false positive
[StokeClustering] info: iter 58 total 1710 true positive
[StokeClustering] info: iter 58 precision:0.7630522088353414
[StokeClustering] info: iter 58 recall:0.7723577235772358
[StrokeClustering] info: 115 objects were discarded
-------------------------------------------------------------
[StrokeClustering] info: total 127 object not found in combinations. Might be eliminated as a part of other selected object
[StokeClustering] info: iter 59 - total 572 false negative
[StokeClustering] info: iter 59 - total 441 false positive
[StokeClustering] info: iter 59 total 1638 true positive
[StokeClustering] info: iter 59 precision:0.7878787878787878
[StokeClustering] info: iter 59 recall:0.7411764705882353
[StrokeClustering] info: 9 objects were discarded
-------------------------------------------------------------
[StrokeClustering] info: total 128 object not found in combinations. Might be eliminated as a part of other selected object
[StokeClustering] info: iter 60 - total 562 false negative
[StokeClustering] info: iter 60 - total 460 false positive
[StokeClustering] info: iter 60 total 1648 true positive
[StokeClustering] info: iter 60 precision:0.7817836812144212
[StokeClustering] info: iter 60 recall:0.7457013574660634
[StrokeClustering] info: 35 objects were discarded
-------------------------------------------------------------
[StrokeClustering] info: total 131 object not found in combinations. Might be eliminated as a part of other selected object
[StokeClustering] info: iter 61 - total 538 false negative
[StokeClustering] info: iter 61 - total 477 false positive
[StokeClustering] info: iter 61 total 1672 true positive
[StokeClustering] info: iter 61 precision:0.7780362959516054
[StokeClustering] info: iter 61 recall:0.7565610859728507
[StrokeClustering] info: 85 objects were discarded
-------------------------------------------------------------
[StrokeClustering] info: total 177 object not found in combinations. Might be eliminated as a part of other selected object
[StokeClustering] info: iter 62 - total 563 false negative
[StokeClustering] info: iter 62 - total 487 false positive
[StokeClustering] info: iter 62 total 1646 true positive
[StokeClustering] info: iter 62 precision:0.7716830754805438
[StokeClustering] info: iter 62 recall:0.7451335445903123
[StrokeClustering] info: 68 objects were discarded
-------------------------------------------------------------
[StrokeClustering] info: total 198 object not found in combinations. Might be eliminated as a part of other selected object
[StokeClustering] info: iter 63 - total 606 false negative
[StokeClustering] info: iter 63 - total 462 false positive
[StokeClustering] info: iter 63 total 1603 true positive
[StokeClustering] info: iter 63 precision:0.7762711864406779
[StokeClustering] info: iter 63 recall:0.7256677229515618
[StrokeClustering] info: 17 objects were discarded
-------------------------------------------------------------
[StrokeClustering] info: total 202 object not found in combinations. Might be eliminated as a part of other selected object
[StokeClustering] info: iter 64 - total 596 false negative
[StokeClustering] info: iter 64 - total 481 false positive
[StokeClustering] info: iter 64 total 1614 true positive
[StokeClustering] info: iter 64 precision:0.7704057279236277
[StokeClustering] info: iter 64 recall:0.7303167420814479
[StrokeClustering] info: 58 objects were discarded
-------------------------------------------------------------
[StrokeClustering] info: total 224 object not found in combinations. Might be eliminated as a part of other selected object
[StokeClustering] info: iter 65 - total 616 false negative
[StokeClustering] info: iter 65 - total 465 false positive
[StokeClustering] info: iter 65 total 1594 true positive
[StokeClustering] info: iter 65 precision:0.7741622146673143
[StokeClustering] info: iter 65 recall:0.7212669683257918
[StrokeClustering] info: 34 objects were discarded
-------------------------------------------------------------
[StrokeClustering] info: total 232 object not found in combinations. Might be eliminated as a part of other selected object
[StokeClustering] info: iter 66 - total 616 false negative
[StokeClustering] info: iter 66 - total 493 false positive
[StokeClustering] info: iter 66 total 1593 true positive
[StokeClustering] info: iter 66 precision:0.7636625119846596
[StokeClustering] info: iter 66 recall:0.7211407876867361
[StrokeClustering] info: 144 objects were discarded
-------------------------------------------------------------
[StrokeClustering] info: total 328 object not found in combinations. Might be eliminated as a part of other selected object
[StokeClustering] info: iter 67 - total 702 false negative
[StokeClustering] info: iter 67 - total 477 false positive
[StokeClustering] info: iter 67 total 1506 true positive
[StokeClustering] info: iter 67 precision:0.7594553706505295
[StokeClustering] info: iter 67 recall:0.6820652173913043
[StrokeClustering] info: 34 objects were discarded
-------------------------------------------------------------
[StrokeClustering] info: total 337 object not found in combinations. Might be eliminated as a part of other selected object
[StokeClustering] info: iter 68 - total 668 false negative
[StokeClustering] info: iter 68 - total 510 false positive
[StokeClustering] info: iter 68 total 1541 true positive
[StokeClustering] info: iter 68 precision:0.7513408093612872
[StokeClustering] info: iter 68 recall:0.6976007243096424
[StrokeClustering] info: 102 objects were discarded
-------------------------------------------------------------
[StrokeClustering] info: total 362 object not found in combinations. Might be eliminated as a part of other selected object
[StokeClustering] info: iter 69 - total 717 false negative
[StokeClustering] info: iter 69 - total 441 false positive
[StokeClustering] info: iter 69 total 1492 true positive
[StokeClustering] info: iter 69 precision:0.7718572167615106
[StokeClustering] info: iter 69 recall:0.6754187415119963
[StrokeClustering] info: 40 objects were discarded
-------------------------------------------------------------
[StrokeClustering] info: total 369 object not found in combinations. Might be eliminated as a part of other selected object
[StokeClustering] info: iter 70 - total 715 false negative
[StokeClustering] info: iter 70 - total 442 false positive
[StokeClustering] info: iter 70 total 1494 true positive
[StokeClustering] info: iter 70 precision:0.7716942148760331
[StokeClustering] info: iter 70 recall:0.6763241285649615
[StrokeClustering] info: 33 objects were discarded
-------------------------------------------------------------
[StrokeClustering] info: total 373 object not found in combinations. Might be eliminated as a part of other selected object
[StokeClustering] info: iter 71 - total 705 false negative
[StokeClustering] info: iter 71 - total 454 false positive
[StokeClustering] info: iter 71 total 1502 true positive
[StokeClustering] info: iter 71 precision:0.7678936605316974
[StokeClustering] info: iter 71 recall:0.6805618486633439
[StrokeClustering] info: 74 objects were discarded
-------------------------------------------------------------
[StrokeClustering] info: total 384 object not found in combinations. Might be eliminated as a part of other selected object
[StokeClustering] info: iter 72 - total 690 false negative
[StokeClustering] info: iter 72 - total 421 false positive
[StokeClustering] info: iter 72 total 1519 true positive
[StokeClustering] info: iter 72 precision:0.7829896907216495
[StokeClustering] info: iter 72 recall:0.6876414667270258
[StrokeClustering] info: 34 objects were discarded
-------------------------------------------------------------
[StrokeClustering] info: total 401 object not found in combinations. Might be eliminated as a part of other selected object
[StokeClustering] info: iter 73 - total 700 false negative
[StokeClustering] info: iter 73 - total 415 false positive
[StokeClustering] info: iter 73 total 1509 true positive
[StokeClustering] info: iter 73 precision:0.7843035343035343
[StokeClustering] info: iter 73 recall:0.6831145314622001
[StrokeClustering] info: 23 objects were discarded
-------------------------------------------------------------
[StrokeClustering] info: total 409 object not found in combinations. Might be eliminated as a part of other selected object
[StokeClustering] info: iter 74 - total 700 false negative
[StokeClustering] info: iter 74 - total 448 false positive
[StokeClustering] info: iter 74 total 1508 true positive
[StokeClustering] info: iter 74 precision:0.7709611451942741
[StokeClustering] info: iter 74 recall:0.6829710144927537
[StrokeClustering] info: 26 objects were discarded
-------------------------------------------------------------
[StrokeClustering] info: total 424 object not found in combinations. Might be eliminated as a part of other selected object
[StokeClustering] info: iter 75 - total 713 false negative
[StokeClustering] info: iter 75 - total 423 false positive
[StokeClustering] info: iter 75 total 1494 true positive
[StokeClustering] info: iter 75 precision:0.7793427230046949
[StokeClustering] info: iter 75 recall:0.6769370185772542
[StrokeClustering] info: 28 objects were discarded
-------------------------------------------------------------
[StrokeClustering] info: total 434 object not found in combinations. Might be eliminated as a part of other selected object
[StokeClustering] info: iter 76 - total 693 false negative
[StokeClustering] info: iter 76 - total 485 false positive
[StokeClustering] info: iter 76 total 1514 true positive
[StokeClustering] info: iter 76 precision:0.7573786893446723
[StokeClustering] info: iter 76 recall:0.6859990937924785
[StrokeClustering] info: 21 objects were discarded
-------------------------------------------------------------
[StrokeClustering] info: total 446 object not found in combinations. Might be eliminated as a part of other selected object
[StokeClustering] info: iter 77 - total 699 false negative
[StokeClustering] info: iter 77 - total 493 false positive
[StokeClustering] info: iter 77 total 1508 true positive
[StokeClustering] info: iter 77 precision:0.7536231884057971
[StokeClustering] info: iter 77 recall:0.6832804712279112
[StrokeClustering] info: 31 objects were discarded
-------------------------------------------------------------
[StrokeClustering] info: total 456 object not found in combinations. Might be eliminated as a part of other selected object
[StokeClustering] info: iter 78 - total 701 false negative
[StokeClustering] info: iter 78 - total 496 false positive
[StokeClustering] info: iter 78 total 1505 true positive
[StokeClustering] info: iter 78 precision:0.7521239380309845
[StokeClustering] info: iter 78 recall:0.6822302810516773
[StrokeClustering] info: 36 objects were discarded
-------------------------------------------------------------
[StrokeClustering] info: total 465 object not found in combinations. Might be eliminated as a part of other selected object
[StokeClustering] info: iter 79 - total 701 false negative
[StokeClustering] info: iter 79 - total 494 false positive
[StokeClustering] info: iter 79 total 1506 true positive
[StokeClustering] info: iter 79 precision:0.753
[StokeClustering] info: iter 79 recall:0.6823742637063888
[StrokeClustering] info: 38 objects were discarded
-------------------------------------------------------------
[StrokeClustering] info: total 479 object not found in combinations. Might be eliminated as a part of other selected object
[StokeClustering] info: iter 80 - total 691 false negative
[StokeClustering] info: iter 80 - total 500 false positive
[StokeClustering] info: iter 80 total 1513 true positive
[StokeClustering] info: iter 80 precision:0.7516145057128664
[StokeClustering] info: iter 80 recall:0.6864791288566243
[StrokeClustering] info: 24 objects were discarded
-------------------------------------------------------------
[StrokeClustering] info: total 489 object not found in combinations. Might be eliminated as a part of other selected object
[StokeClustering] info: iter 81 - total 689 false negative
[StokeClustering] info: iter 81 - total 560 false positive
[StokeClustering] info: iter 81 total 1515 true positive
[StokeClustering] info: iter 81 precision:0.7301204819277108
[StokeClustering] info: iter 81 recall:0.6873865698729582
[StrokeClustering] info: 169 objects were discarded
-------------------------------------------------------------
[StrokeClustering] info: total 530 object not found in combinations. Might be eliminated as a part of other selected object
[StokeClustering] info: iter 82 - total 775 false negative
[StokeClustering] info: iter 82 - total 460 false positive
[StokeClustering] info: iter 82 total 1432 true positive
[StokeClustering] info: iter 82 precision:0.7568710359408034
[StokeClustering] info: iter 82 recall:0.6488445854100588
[StrokeClustering] info: 15 objects were discarded
-------------------------------------------------------------
[StrokeClustering] info: total 537 object not found in combinations. Might be eliminated as a part of other selected object
[StokeClustering] info: iter 83 - total 775 false negative
[StokeClustering] info: iter 83 - total 491 false positive
[StokeClustering] info: iter 83 total 1432 true positive
[StokeClustering] info: iter 83 precision:0.7446697867914717
[StokeClustering] info: iter 83 recall:0.6488445854100588
[StrokeClustering] info: 70 objects were discarded
-------------------------------------------------------------
[StrokeClustering] info: total 553 object not found in combinations. Might be eliminated as a part of other selected object
[StokeClustering] info: iter 84 - total 761 false negative
[StokeClustering] info: iter 84 - total 497 false positive
[StokeClustering] info: iter 84 total 1445 true positive
[StokeClustering] info: iter 84 precision:0.7440782698249228
[StokeClustering] info: iter 84 recall:0.6550317316409792
[StrokeClustering] info: 119 objects were discarded
-------------------------------------------------------------
[StrokeClustering] info: total 600 object not found in combinations. Might be eliminated as a part of other selected object
[StokeClustering] info: iter 85 - total 813 false negative
[StokeClustering] info: iter 85 - total 434 false positive
[StokeClustering] info: iter 85 total 1392 true positive
[StokeClustering] info: iter 85 precision:0.7623220153340635
[StokeClustering] info: iter 85 recall:0.6312925170068027
[StrokeClustering] info: 21 objects were discarded
-------------------------------------------------------------
[StrokeClustering] info: total 604 object not found in combinations. Might be eliminated as a part of other selected object
[StokeClustering] info: iter 86 - total 812 false negative
[StokeClustering] info: iter 86 - total 442 false positive
[StokeClustering] info: iter 86 total 1393 true positive
[StokeClustering] info: iter 86 precision:0.7591280653950954
[StokeClustering] info: iter 86 recall:0.6317460317460317
[StrokeClustering] info: 16 objects were discarded
-------------------------------------------------------------
[StrokeClustering] info: total 613 object not found in combinations. Might be eliminated as a part of other selected object
[StokeClustering] info: iter 87 - total 806 false negative
[StokeClustering] info: iter 87 - total 457 false positive
[StokeClustering] info: iter 87 total 1398 true positive
[StokeClustering] info: iter 87 precision:0.7536388140161725
[StokeClustering] info: iter 87 recall:0.6343012704174229
[StrokeClustering] info: 19 objects were discarded
-------------------------------------------------------------
[StrokeClustering] info: total 626 object not found in combinations. Might be eliminated as a part of other selected object
[StokeClustering] info: iter 88 - total 802 false negative
[StokeClustering] info: iter 88 - total 470 false positive
[StokeClustering] info: iter 88 total 1399 true positive
[StokeClustering] info: iter 88 precision:0.7485286249331193
[StokeClustering] info: iter 88 recall:0.635620172648796
[StrokeClustering] info: 13 objects were discarded
-------------------------------------------------------------
[StrokeClustering] info: total 628 object not found in combinations. Might be eliminated as a part of other selected object
[StokeClustering] info: iter 89 - total 795 false negative
[StokeClustering] info: iter 89 - total 483 false positive
[StokeClustering] info: iter 89 total 1406 true positive
[StokeClustering] info: iter 89 precision:0.7443091582848068
[StokeClustering] info: iter 89 recall:0.6388005452067242
[StrokeClustering] info: 30 objects were discarded
-------------------------------------------------------------
[StrokeClustering] info: total 639 object not found in combinations. Might be eliminated as a part of other selected object
[StokeClustering] info: iter 90 - total 800 false negative
[StokeClustering] info: iter 90 - total 500 false positive
[StokeClustering] info: iter 90 total 1400 true positive
[StokeClustering] info: iter 90 precision:0.7368421052631579
[StokeClustering] info: iter 90 recall:0.6363636363636364
[StrokeClustering] info: 52 objects were discarded
-------------------------------------------------------------
[StrokeClustering] info: total 654 object not found in combinations. Might be eliminated as a part of other selected object
[StokeClustering] info: iter 91 - total 804 false negative
[StokeClustering] info: iter 91 - total 474 false positive
[StokeClustering] info: iter 91 total 1396 true positive
[StokeClustering] info: iter 91 precision:0.746524064171123
[StokeClustering] info: iter 91 recall:0.6345454545454545
