[ParsingEvaluation] taget object contains 6 objects
ParsingEvaluation] error: could not read file succefully /Users/moayedhajiali/Desktop/Projects/Sketch-Morphing/ASIST_Dataset/Data/Data_A/MoneyQuestion/3_1b40f115-32ea-4dcb-ab58-37701d28322c.xml
attempt to get argmin of an empty sequence
ParsingEvaluation] error: could not read file succefully /Users/moayedhajiali/Desktop/Projects/Sketch-Morphing/ASIST_Dataset/Data/Data_A/MoneyQuestion/1_67714d19-18da-4bce-be7b-4c73a1d20c9d.xml
attempt to get argmin of an empty sequence
[ParsingEvaluation] warn: 124 unordered objects were found and discarded
[ParsingEvaluation] testing directory contains 3248 objects
[ParsingEvaluation] after cleaning, taget object contains 6 objects
[ParsingEvaluation] after cleaning, testing directory contains 3248 objects
[ParsingEvaluation] Total number of objects:  3248
[ParsingEvaluation] Single stroke objects:  2390
[ParsingEvaluation] Single stroke/number of objects ration:  0.7358374384236454
[StrokeClustering] info: eps initial value:7
[StrokeClustering] info: mn_samples:30
[run-experiment] resorting checkpoint if exists
[Checkpoint] Restored, step #207536
original embeddings obtained
[StrokeClustering] info: total 37 object not found in combinations. Might be eliminated as a part of other selected object
[StokeClustering] info: iter 0 - total 1322 false negative
[StokeClustering] info: iter 0 - total 1818 false positive
[StokeClustering] info: iter 0 total 1931 true positive
[StokeClustering] info: iter 0 precision:0.5150706855161377
[StokeClustering] info: iter 0 recall:0.5936059022440824
[StrokeClustering] info: 895 objects were discarded
-------------------------------------------------------------
[StrokeClustering] info: total 105 object not found in combinations. Might be eliminated as a part of other selected object
[StokeClustering] info: iter 1 - total 1353 false negative
[StokeClustering] info: iter 1 - total 1030 false positive
[StokeClustering] info: iter 1 total 1854 true positive
[StokeClustering] info: iter 1 precision:0.6428571428571429
[StokeClustering] info: iter 1 recall:0.578110383536015
[StrokeClustering] info: 28 objects were discarded
-------------------------------------------------------------
[StrokeClustering] info: total 105 object not found in combinations. Might be eliminated as a part of other selected object
[StokeClustering] info: iter 2 - total 1300 false negative
[StokeClustering] info: iter 2 - total 1027 false positive
[StokeClustering] info: iter 2 total 1907 true positive
[StokeClustering] info: iter 2 precision:0.6499659168370825
[StokeClustering] info: iter 2 recall:0.5946367321484253
[StrokeClustering] info: 34 objects were discarded
-------------------------------------------------------------
[StrokeClustering] info: total 106 object not found in combinations. Might be eliminated as a part of other selected object
[StokeClustering] info: iter 3 - total 1257 false negative
[StokeClustering] info: iter 3 - total 1024 false positive
[StokeClustering] info: iter 3 total 1947 true positive
[StokeClustering] info: iter 3 precision:0.6553349040727028
[StokeClustering] info: iter 3 recall:0.6076779026217228
[StrokeClustering] info: 27 objects were discarded
-------------------------------------------------------------
[StrokeClustering] info: total 112 object not found in combinations. Might be eliminated as a part of other selected object
[StokeClustering] info: iter 4 - total 1221 false negative
[StokeClustering] info: iter 4 - total 1024 false positive
[StokeClustering] info: iter 4 total 1982 true positive
[StokeClustering] info: iter 4 precision:0.6593479707252162
[StokeClustering] info: iter 4 recall:0.6187948798001873
[StrokeClustering] info: 65 objects were discarded
-------------------------------------------------------------
[StrokeClustering] info: total 116 object not found in combinations. Might be eliminated as a part of other selected object
[StokeClustering] info: iter 5 - total 1179 false negative
[StokeClustering] info: iter 5 - total 1010 false positive
[StokeClustering] info: iter 5 total 2023 true positive
[StokeClustering] info: iter 5 precision:0.6669963732278272
[StokeClustering] info: iter 5 recall:0.631792629606496
[StrokeClustering] info: 38 objects were discarded
-------------------------------------------------------------
[StrokeClustering] info: total 116 object not found in combinations. Might be eliminated as a part of other selected object
[StokeClustering] info: iter 6 - total 1145 false negative
[StokeClustering] info: iter 6 - total 997 false positive
[StokeClustering] info: iter 6 total 2056 true positive
[StokeClustering] info: iter 6 precision:0.673435964624959
[StokeClustering] info: iter 6 recall:0.6422992814745392
[StrokeClustering] info: 51 objects were discarded
-------------------------------------------------------------
[StrokeClustering] info: total 116 object not found in combinations. Might be eliminated as a part of other selected object
[StokeClustering] info: iter 7 - total 1108 false negative
[StokeClustering] info: iter 7 - total 986 false positive
[StokeClustering] info: iter 7 total 2092 true positive
[StokeClustering] info: iter 7 precision:0.6796621182586094
[StokeClustering] info: iter 7 recall:0.65375
[StrokeClustering] info: 35 objects were discarded
-------------------------------------------------------------
[StrokeClustering] info: total 118 object not found in combinations. Might be eliminated as a part of other selected object
[StokeClustering] info: iter 8 - total 1074 false negative
[StokeClustering] info: iter 8 - total 992 false positive
[StokeClustering] info: iter 8 total 2124 true positive
[StokeClustering] info: iter 8 precision:0.6816431322207959
[StokeClustering] info: iter 8 recall:0.6641651031894934
[StrokeClustering] info: 56 objects were discarded
-------------------------------------------------------------
[StrokeClustering] info: total 118 object not found in combinations. Might be eliminated as a part of other selected object
[StokeClustering] info: iter 9 - total 1006 false negative
[StokeClustering] info: iter 9 - total 1002 false positive
[StokeClustering] info: iter 9 total 2194 true positive
[StokeClustering] info: iter 9 precision:0.6864831038798498
[StokeClustering] info: iter 9 recall:0.685625
[StrokeClustering] info: 80 objects were discarded
-------------------------------------------------------------
[StrokeClustering] info: total 142 object not found in combinations. Might be eliminated as a part of other selected object
[StokeClustering] info: iter 10 - total 1008 false negative
[StokeClustering] info: iter 10 - total 961 false positive
[StokeClustering] info: iter 10 total 2191 true positive
[StokeClustering] info: iter 10 precision:0.6951142131979695
[StokeClustering] info: iter 10 recall:0.6849015317286652
[StrokeClustering] info: 19 objects were discarded
-------------------------------------------------------------
[StrokeClustering] info: total 142 object not found in combinations. Might be eliminated as a part of other selected object
[StokeClustering] info: iter 11 - total 992 false negative
[StokeClustering] info: iter 11 - total 958 false positive
[StokeClustering] info: iter 11 total 2207 true positive
[StokeClustering] info: iter 11 precision:0.6973143759873618
[StokeClustering] info: iter 11 recall:0.6899030947170991
[StrokeClustering] info: 20 objects were discarded
-------------------------------------------------------------
[StrokeClustering] info: total 142 object not found in combinations. Might be eliminated as a part of other selected object
[StokeClustering] info: iter 12 - total 963 false negative
[StokeClustering] info: iter 12 - total 985 false positive
[StokeClustering] info: iter 12 total 2235 true positive
[StokeClustering] info: iter 12 precision:0.6940993788819876
[StokeClustering] info: iter 12 recall:0.698874296435272
[StrokeClustering] info: 79 objects were discarded
-------------------------------------------------------------
[StrokeClustering] info: total 191 object not found in combinations. Might be eliminated as a part of other selected object
[StokeClustering] info: iter 13 - total 973 false negative
[StokeClustering] info: iter 13 - total 984 false positive
[StokeClustering] info: iter 13 total 2225 true positive
[StokeClustering] info: iter 13 precision:0.6933624181988158
[StokeClustering] info: iter 13 recall:0.6957473420888055
[StrokeClustering] info: 76 objects were discarded
-------------------------------------------------------------
[StrokeClustering] info: total 193 object not found in combinations. Might be eliminated as a part of other selected object
[StokeClustering] info: iter 14 - total 962 false negative
[StokeClustering] info: iter 14 - total 909 false positive
[StokeClustering] info: iter 14 total 2237 true positive
[StokeClustering] info: iter 14 precision:0.7110616656071201
[StokeClustering] info: iter 14 recall:0.6992810253204126
[StrokeClustering] info: 48 objects were discarded
-------------------------------------------------------------
[StrokeClustering] info: total 196 object not found in combinations. Might be eliminated as a part of other selected object
[StokeClustering] info: iter 15 - total 925 false negative
[StokeClustering] info: iter 15 - total 902 false positive
[StokeClustering] info: iter 15 total 2273 true positive
[StokeClustering] info: iter 15 precision:0.7159055118110236
[StokeClustering] info: iter 15 recall:0.7107567229518449
[StrokeClustering] info: 68 objects were discarded
-------------------------------------------------------------
[StrokeClustering] info: total 204 object not found in combinations. Might be eliminated as a part of other selected object
[StokeClustering] info: iter 16 - total 906 false negative
[StokeClustering] info: iter 16 - total 886 false positive
[StokeClustering] info: iter 16 total 2294 true positive
[StokeClustering] info: iter 16 precision:0.7213836477987421
[StokeClustering] info: iter 16 recall:0.716875
[StrokeClustering] info: 40 objects were discarded
-------------------------------------------------------------
[StrokeClustering] info: total 210 object not found in combinations. Might be eliminated as a part of other selected object
[StokeClustering] info: iter 17 - total 892 false negative
[StokeClustering] info: iter 17 - total 885 false positive
[StokeClustering] info: iter 17 total 2308 true positive
[StokeClustering] info: iter 17 precision:0.722831193235202
[StokeClustering] info: iter 17 recall:0.72125
[StrokeClustering] info: 20 objects were discarded
-------------------------------------------------------------
[StrokeClustering] info: total 210 object not found in combinations. Might be eliminated as a part of other selected object
[StokeClustering] info: iter 18 - total 865 false negative
[StokeClustering] info: iter 18 - total 908 false positive
[StokeClustering] info: iter 18 total 2335 true positive
[StokeClustering] info: iter 18 precision:0.7200123342584027
[StokeClustering] info: iter 18 recall:0.7296875
[StrokeClustering] info: 106 objects were discarded
-------------------------------------------------------------
[StrokeClustering] info: total 248 object not found in combinations. Might be eliminated as a part of other selected object
[StokeClustering] info: iter 19 - total 880 false negative
[StokeClustering] info: iter 19 - total 866 false positive
[StokeClustering] info: iter 19 total 2302 true positive
[StokeClustering] info: iter 19 precision:0.7266414141414141
[StokeClustering] info: iter 19 recall:0.7234443746071653
[StrokeClustering] info: 38 objects were discarded
-------------------------------------------------------------
[StrokeClustering] info: total 252 object not found in combinations. Might be eliminated as a part of other selected object
[StokeClustering] info: iter 20 - total 852 false negative
[StokeClustering] info: iter 20 - total 858 false positive
[StokeClustering] info: iter 20 total 2328 true positive
[StokeClustering] info: iter 20 precision:0.7306967984934086
[StokeClustering] info: iter 20 recall:0.7320754716981132
[StrokeClustering] info: 50 objects were discarded
-------------------------------------------------------------
[StrokeClustering] info: total 254 object not found in combinations. Might be eliminated as a part of other selected object
[StokeClustering] info: iter 21 - total 832 false negative
[StokeClustering] info: iter 21 - total 867 false positive
[StokeClustering] info: iter 21 total 2349 true positive
[StokeClustering] info: iter 21 precision:0.730410447761194
[StokeClustering] info: iter 21 recall:0.7384470292360893
[StrokeClustering] info: 41 objects were discarded
-------------------------------------------------------------
[StrokeClustering] info: total 260 object not found in combinations. Might be eliminated as a part of other selected object
[StokeClustering] info: iter 22 - total 820 false negative
[StokeClustering] info: iter 22 - total 870 false positive
[StokeClustering] info: iter 22 total 2358 true positive
[StokeClustering] info: iter 22 precision:0.7304832713754646
[StokeClustering] info: iter 22 recall:0.7419760855884204
[StrokeClustering] info: 65 objects were discarded
-------------------------------------------------------------
[StrokeClustering] info: total 268 object not found in combinations. Might be eliminated as a part of other selected object
[StokeClustering] info: iter 23 - total 793 false negative
[StokeClustering] info: iter 23 - total 864 false positive
[StokeClustering] info: iter 23 total 2379 true positive
[StokeClustering] info: iter 23 precision:0.7335800185013877
[StokeClustering] info: iter 23 recall:0.75
[StrokeClustering] info: 66 objects were discarded
-------------------------------------------------------------
[StrokeClustering] info: total 273 object not found in combinations. Might be eliminated as a part of other selected object
[StokeClustering] info: iter 24 - total 781 false negative
[StokeClustering] info: iter 24 - total 847 false positive
[StokeClustering] info: iter 24 total 2387 true positive
[StokeClustering] info: iter 24 precision:0.7380952380952381
[StokeClustering] info: iter 24 recall:0.7534722222222222
[StrokeClustering] info: 44 objects were discarded
-------------------------------------------------------------
[StrokeClustering] info: total 284 object not found in combinations. Might be eliminated as a part of other selected object
[StokeClustering] info: iter 25 - total 771 false negative
[StokeClustering] info: iter 25 - total 861 false positive
[StokeClustering] info: iter 25 total 2394 true positive
[StokeClustering] info: iter 25 precision:0.7354838709677419
[StokeClustering] info: iter 25 recall:0.7563981042654029
[StrokeClustering] info: 71 objects were discarded
-------------------------------------------------------------
[StrokeClustering] info: total 305 object not found in combinations. Might be eliminated as a part of other selected object
[StokeClustering] info: iter 26 - total 779 false negative
[StokeClustering] info: iter 26 - total 865 false positive
[StokeClustering] info: iter 26 total 2384 true positive
[StokeClustering] info: iter 26 precision:0.7337642351492767
[StokeClustering] info: iter 26 recall:0.753714827695226
[StrokeClustering] info: 51 objects were discarded
-------------------------------------------------------------
[StrokeClustering] info: total 326 object not found in combinations. Might be eliminated as a part of other selected object
[StokeClustering] info: iter 27 - total 790 false negative
[StokeClustering] info: iter 27 - total 838 false positive
[StokeClustering] info: iter 27 total 2371 true positive
[StokeClustering] info: iter 27 precision:0.7388594577750078
[StokeClustering] info: iter 27 recall:0.750079088895919
[StrokeClustering] info: 47 objects were discarded
-------------------------------------------------------------
[StrokeClustering] info: total 345 object not found in combinations. Might be eliminated as a part of other selected object
[StokeClustering] info: iter 28 - total 796 false negative
[StokeClustering] info: iter 28 - total 829 false positive
[StokeClustering] info: iter 28 total 2366 true positive
[StokeClustering] info: iter 28 precision:0.7405320813771518
[StokeClustering] info: iter 28 recall:0.7482605945604048
[StrokeClustering] info: 41 objects were discarded
-------------------------------------------------------------
[StrokeClustering] info: total 353 object not found in combinations. Might be eliminated as a part of other selected object
[StokeClustering] info: iter 29 - total 788 false negative
[StokeClustering] info: iter 29 - total 868 false positive
[StokeClustering] info: iter 29 total 2371 true positive
[StokeClustering] info: iter 29 precision:0.7320160543377585
[StokeClustering] info: iter 29 recall:0.750553972776195
[StrokeClustering] info: 87 objects were discarded
-------------------------------------------------------------
[StrokeClustering] info: total 355 object not found in combinations. Might be eliminated as a part of other selected object
[StokeClustering] info: iter 30 - total 772 false negative
[StokeClustering] info: iter 30 - total 855 false positive
[StokeClustering] info: iter 30 total 2377 true positive
[StokeClustering] info: iter 30 precision:0.7354579207920792
[StokeClustering] info: iter 30 recall:0.7548428072403938
[StrokeClustering] info: 80 objects were discarded
-------------------------------------------------------------
[StrokeClustering] info: total 367 object not found in combinations. Might be eliminated as a part of other selected object
[StokeClustering] info: iter 31 - total 768 false negative
[StokeClustering] info: iter 31 - total 801 false positive
[StokeClustering] info: iter 31 total 2383 true positive
[StokeClustering] info: iter 31 precision:0.7484296482412061
[StokeClustering] info: iter 31 recall:0.756267851475722
[StrokeClustering] info: 34 objects were discarded
-------------------------------------------------------------
[StrokeClustering] info: total 369 object not found in combinations. Might be eliminated as a part of other selected object
[StokeClustering] info: iter 32 - total 760 false negative
[StokeClustering] info: iter 32 - total 820 false positive
[StokeClustering] info: iter 32 total 2389 true positive
[StokeClustering] info: iter 32 precision:0.7444686818323465
[StokeClustering] info: iter 32 recall:0.7586535408066053
[StrokeClustering] info: 42 objects were discarded
-------------------------------------------------------------
[StrokeClustering] info: total 379 object not found in combinations. Might be eliminated as a part of other selected object
[StokeClustering] info: iter 33 - total 756 false negative
[StokeClustering] info: iter 33 - total 836 false positive
[StokeClustering] info: iter 33 total 2389 true positive
[StokeClustering] info: iter 33 precision:0.7407751937984496
[StokeClustering] info: iter 33 recall:0.7596184419713832
[StrokeClustering] info: 47 objects were discarded
-------------------------------------------------------------
[StrokeClustering] info: total 391 object not found in combinations. Might be eliminated as a part of other selected object
[StokeClustering] info: iter 34 - total 765 false negative
[StokeClustering] info: iter 34 - total 850 false positive
[StokeClustering] info: iter 34 total 2375 true positive
[StokeClustering] info: iter 34 precision:0.7364341085271318
[StokeClustering] info: iter 34 recall:0.7563694267515924
[StrokeClustering] info: 49 objects were discarded
-------------------------------------------------------------
[StrokeClustering] info: total 408 object not found in combinations. Might be eliminated as a part of other selected object
[StokeClustering] info: iter 35 - total 764 false negative
[StokeClustering] info: iter 35 - total 847 false positive
[StokeClustering] info: iter 35 total 2375 true positive
[StokeClustering] info: iter 35 precision:0.7371198013656114
[StokeClustering] info: iter 35 recall:0.7566103854730806
[StrokeClustering] info: 78 objects were discarded
-------------------------------------------------------------
[StrokeClustering] info: total 418 object not found in combinations. Might be eliminated as a part of other selected object
[StokeClustering] info: iter 36 - total 771 false negative
[StokeClustering] info: iter 36 - total 822 false positive
[StokeClustering] info: iter 36 total 2366 true positive
[StokeClustering] info: iter 36 precision:0.7421580928481807
[StokeClustering] info: iter 36 recall:0.7542237806821804
[StrokeClustering] info: 38 objects were discarded
-------------------------------------------------------------
[StrokeClustering] info: total 422 object not found in combinations. Might be eliminated as a part of other selected object
[StokeClustering] info: iter 37 - total 765 false negative
[StokeClustering] info: iter 37 - total 841 false positive
[StokeClustering] info: iter 37 total 2367 true positive
[StokeClustering] info: iter 37 precision:0.7378428927680798
[StokeClustering] info: iter 37 recall:0.7557471264367817
[StrokeClustering] info: 63 objects were discarded
-------------------------------------------------------------
[StrokeClustering] info: total 435 object not found in combinations. Might be eliminated as a part of other selected object
[StokeClustering] info: iter 38 - total 755 false negative
[StokeClustering] info: iter 38 - total 832 false positive
[StokeClustering] info: iter 38 total 2376 true positive
[StokeClustering] info: iter 38 precision:0.7406483790523691
[StokeClustering] info: iter 38 recall:0.7588629830725008
[StrokeClustering] info: 73 objects were discarded
-------------------------------------------------------------
[StrokeClustering] info: total 441 object not found in combinations. Might be eliminated as a part of other selected object
[StokeClustering] info: iter 39 - total 745 false negative
[StokeClustering] info: iter 39 - total 816 false positive
[StokeClustering] info: iter 39 total 2382 true positive
[StokeClustering] info: iter 39 precision:0.7448405253283302
[StokeClustering] info: iter 39 recall:0.7617524784138151
[StrokeClustering] info: 53 objects were discarded
-------------------------------------------------------------
[StrokeClustering] info: total 454 object not found in combinations. Might be eliminated as a part of other selected object
[StokeClustering] info: iter 40 - total 730 false negative
[StokeClustering] info: iter 40 - total 808 false positive
[StokeClustering] info: iter 40 total 2392 true positive
[StokeClustering] info: iter 40 precision:0.7475
[StokeClustering] info: iter 40 recall:0.766175528507367
[StrokeClustering] info: 201 objects were discarded
-------------------------------------------------------------
[StrokeClustering] info: total 464 object not found in combinations. Might be eliminated as a part of other selected object
[StokeClustering] info: iter 41 - total 736 false negative
[StokeClustering] info: iter 41 - total 673 false positive
[StokeClustering] info: iter 41 total 2384 true positive
[StokeClustering] info: iter 41 precision:0.7798495256787701
[StokeClustering] info: iter 41 recall:0.764102564102564
[StrokeClustering] info: 43 objects were discarded
-------------------------------------------------------------
[StrokeClustering] info: total 477 object not found in combinations. Might be eliminated as a part of other selected object
[StokeClustering] info: iter 42 - total 746 false negative
[StokeClustering] info: iter 42 - total 657 false positive
[StokeClustering] info: iter 42 total 2374 true positive
[StokeClustering] info: iter 42 precision:0.7832398548333883
[StokeClustering] info: iter 42 recall:0.7608974358974359
[StrokeClustering] info: 26 objects were discarded
-------------------------------------------------------------
[StrokeClustering] info: total 479 object not found in combinations. Might be eliminated as a part of other selected object
[StokeClustering] info: iter 43 - total 733 false negative
[StokeClustering] info: iter 43 - total 678 false positive
[StokeClustering] info: iter 43 total 2384 true positive
[StokeClustering] info: iter 43 precision:0.7785760940561725
[StokeClustering] info: iter 43 recall:0.7648379852422201
[StrokeClustering] info: 26 objects were discarded
-------------------------------------------------------------
[StrokeClustering] info: total 487 object not found in combinations. Might be eliminated as a part of other selected object
[StokeClustering] info: iter 44 - total 736 false negative
[StokeClustering] info: iter 44 - total 681 false positive
[StokeClustering] info: iter 44 total 2383 true positive
[StokeClustering] info: iter 44 precision:0.7777415143603134
[StokeClustering] info: iter 44 recall:0.764026931708881
[StrokeClustering] info: 38 objects were discarded
-------------------------------------------------------------
[StrokeClustering] info: total 494 object not found in combinations. Might be eliminated as a part of other selected object
[StokeClustering] info: iter 45 - total 738 false negative
[StokeClustering] info: iter 45 - total 677 false positive
[StokeClustering] info: iter 45 total 2381 true positive
[StokeClustering] info: iter 45 precision:0.7786134728580771
[StokeClustering] info: iter 45 recall:0.7633857005450465
[StrokeClustering] info: 31 objects were discarded
-------------------------------------------------------------
[StrokeClustering] info: total 494 object not found in combinations. Might be eliminated as a part of other selected object
[StokeClustering] info: iter 46 - total 730 false negative
[StokeClustering] info: iter 46 - total 680 false positive
[StokeClustering] info: iter 46 total 2386 true positive
[StokeClustering] info: iter 46 precision:0.7782126549249837
[StokeClustering] info: iter 46 recall:0.7657252888318357
[StrokeClustering] info: 40 objects were discarded
-------------------------------------------------------------
[StrokeClustering] info: total 499 object not found in combinations. Might be eliminated as a part of other selected object
[StokeClustering] info: iter 47 - total 731 false negative
[StokeClustering] info: iter 47 - total 662 false positive
[StokeClustering] info: iter 47 total 2384 true positive
[StokeClustering] info: iter 47 precision:0.7826657912015759
[StokeClustering] info: iter 47 recall:0.7653290529695024
[StrokeClustering] info: 101 objects were discarded
-------------------------------------------------------------
[StrokeClustering] info: total 507 object not found in combinations. Might be eliminated as a part of other selected object
[StokeClustering] info: iter 48 - total 739 false negative
[StokeClustering] info: iter 48 - total 611 false positive
[StokeClustering] info: iter 48 total 2377 true positive
[StokeClustering] info: iter 48 precision:0.7955153949129853
[StokeClustering] info: iter 48 recall:0.7628369704749679
[StrokeClustering] info: 28 objects were discarded
-------------------------------------------------------------
[StrokeClustering] info: total 508 object not found in combinations. Might be eliminated as a part of other selected object
[StokeClustering] info: iter 49 - total 733 false negative
[StokeClustering] info: iter 49 - total 620 false positive
[StokeClustering] info: iter 49 total 2382 true positive
[StokeClustering] info: iter 49 precision:0.793471019320453
[StokeClustering] info: iter 49 recall:0.7646869983948635
[StrokeClustering] info: 27 objects were discarded
-------------------------------------------------------------
[StrokeClustering] info: total 515 object not found in combinations. Might be eliminated as a part of other selected object
[StokeClustering] info: iter 50 - total 736 false negative
[StokeClustering] info: iter 50 - total 613 false positive
[StokeClustering] info: iter 50 total 2379 true positive
[StokeClustering] info: iter 50 precision:0.795120320855615
[StokeClustering] info: iter 50 recall:0.7637239165329053
[StrokeClustering] info: 50 objects were discarded
-------------------------------------------------------------
[StrokeClustering] info: total 518 object not found in combinations. Might be eliminated as a part of other selected object
[StokeClustering] info: iter 51 - total 740 false negative
[StokeClustering] info: iter 51 - total 596 false positive
[StokeClustering] info: iter 51 total 2371 true positive
[StokeClustering] info: iter 51 precision:0.79912369396697
[StokeClustering] info: iter 51 recall:0.7621343619414979
[StrokeClustering] info: 7 objects were discarded
-------------------------------------------------------------
[StrokeClustering] info: total 520 object not found in combinations. Might be eliminated as a part of other selected object
[StokeClustering] info: iter 52 - total 736 false negative
[StokeClustering] info: iter 52 - total 614 false positive
[StokeClustering] info: iter 52 total 2375 true positive
[StokeClustering] info: iter 52 precision:0.7945801271328203
[StokeClustering] info: iter 52 recall:0.7634201221472195
[StrokeClustering] info: 24 objects were discarded
-------------------------------------------------------------
[StrokeClustering] info: total 527 object not found in combinations. Might be eliminated as a part of other selected object
[StokeClustering] info: iter 53 - total 736 false negative
[StokeClustering] info: iter 53 - total 609 false positive
[StokeClustering] info: iter 53 total 2374 true positive
[StokeClustering] info: iter 53 precision:0.7958431109621187
[StokeClustering] info: iter 53 recall:0.7633440514469454
[StrokeClustering] info: 27 objects were discarded
-------------------------------------------------------------
[StrokeClustering] info: total 529 object not found in combinations. Might be eliminated as a part of other selected object
[StokeClustering] info: iter 54 - total 737 false negative
[StokeClustering] info: iter 54 - total 594 false positive
[StokeClustering] info: iter 54 total 2373 true positive
[StokeClustering] info: iter 54 precision:0.7997977755308392
[StokeClustering] info: iter 54 recall:0.7630225080385852
[StrokeClustering] info: 8 objects were discarded
-------------------------------------------------------------
[StrokeClustering] info: total 533 object not found in combinations. Might be eliminated as a part of other selected object
[StokeClustering] info: iter 55 - total 731 false negative
[StokeClustering] info: iter 55 - total 610 false positive
[StokeClustering] info: iter 55 total 2379 true positive
[StokeClustering] info: iter 55 precision:0.7959183673469388
[StokeClustering] info: iter 55 recall:0.764951768488746
[StrokeClustering] info: 23 objects were discarded
-------------------------------------------------------------
[StrokeClustering] info: total 539 object not found in combinations. Might be eliminated as a part of other selected object
[StokeClustering] info: iter 56 - total 735 false negative
[StokeClustering] info: iter 56 - total 598 false positive
[StokeClustering] info: iter 56 total 2376 true positive
[StokeClustering] info: iter 56 precision:0.7989240080699395
[StokeClustering] info: iter 56 recall:0.76374156219865
[StrokeClustering] info: 18 objects were discarded
-------------------------------------------------------------
[StrokeClustering] info: total 543 object not found in combinations. Might be eliminated as a part of other selected object
[StokeClustering] info: iter 57 - total 731 false negative
[StokeClustering] info: iter 57 - total 598 false positive
[StokeClustering] info: iter 57 total 2380 true positive
[StokeClustering] info: iter 57 precision:0.7991940899932841
[StokeClustering] info: iter 57 recall:0.7650273224043715
[StrokeClustering] info: 30 objects were discarded
-------------------------------------------------------------
[StrokeClustering] info: total 547 object not found in combinations. Might be eliminated as a part of other selected object
[StokeClustering] info: iter 58 - total 730 false negative
[StokeClustering] info: iter 58 - total 592 false positive
[StokeClustering] info: iter 58 total 2380 true positive
[StokeClustering] info: iter 58 precision:0.800807537012113
[StokeClustering] info: iter 58 recall:0.7652733118971061
[StrokeClustering] info: 19 objects were discarded
-------------------------------------------------------------
[StrokeClustering] info: total 547 object not found in combinations. Might be eliminated as a part of other selected object
[StokeClustering] info: iter 59 - total 719 false negative
[StokeClustering] info: iter 59 - total 581 false positive
[StokeClustering] info: iter 59 total 2388 true positive
[StokeClustering] info: iter 59 precision:0.8043112158976087
[StokeClustering] info: iter 59 recall:0.7685870614740907
[StrokeClustering] info: 20 objects were discarded
-------------------------------------------------------------
[StokeClustering] info: total 2929 predicted objects
[StrokeClustering] info: total 553 object not found in combinations. Might be eliminated as a part of other selected object
[StokeClustering] info: total 728 false negative
[StokeClustering] info: total 549 false positive
[StokeClustering] info: total 2380 true positive
[StokeClustering] info: precision 0.8125640150221919
[StokeClustering] info: recall 0.7657657657657657
----------------------------------------------------------------
Hand calculated results after considering two circles as an object
[StokeClustering] info: total 215 false negative
[StokeClustering] info: total 120 false positive
[StokeClustering] info: total 618 true positive
[StokeClustering] info: precision 0.865
[StokeClustering] info: recall 0.8