[ParsingEvaluation] taget object contains 6 objects
ParsingEvaluation] error: could not read file succefully /Users/moayedhajiali/Desktop/Projects/Sketch-Morphing/ASIST_Dataset/Data/Data_A/MoneyQuestion/3_1b40f115-32ea-4dcb-ab58-37701d28322c.xml
attempt to get argmin of an empty sequence
[ParsingEvaluation] warn: 41 unordered objects were found and discarded
[ParsingEvaluation] testing directory contains 869 objects
[ParsingEvaluation] after cleaning, taget object contains 6 objects
[ParsingEvaluation] after cleaning, testing directory contains 869 objects
[ParsingEvaluation] Total number of objects:  869
[ParsingEvaluation] Single stroke objects:  622
[ParsingEvaluation] Single stroke/number of objects ration:  0.715765247410817
[StrokeClustering] info: eps initial value:7
[StrokeClustering] info: mn_samples:7
[run-experiment] resorting checkpoint if exists
[Checkpoint] Restored, step #207536
original embeddings obtained
[StrokeClustering] info: total 13 object not found in combinations. Might be eliminated as a part of other selected object
[StokeClustering] info: iter 0 - total 349 false negative
[StokeClustering] info: iter 0 - total 542 false positive
[StokeClustering] info: iter 0 total 522 true positive
[StokeClustering] info: iter 0 precision:0.4906015037593985
[StokeClustering] info: iter 0 recall:0.5993111366245695
[StrokeClustering] info: 385 objects were discarded
-------------------------------------------------------------
[StrokeClustering] info: total 61 object not found in combinations. Might be eliminated as a part of other selected object
[StokeClustering] info: iter 1 - total 382 false negative
[StokeClustering] info: iter 1 - total 262 false positive
[StokeClustering] info: iter 1 total 478 true positive
[StokeClustering] info: iter 1 precision:0.6459459459459459
[StokeClustering] info: iter 1 recall:0.5558139534883721
[StrokeClustering] info: 13 objects were discarded
-------------------------------------------------------------
[StrokeClustering] info: total 61 object not found in combinations. Might be eliminated as a part of other selected object
[StokeClustering] info: iter 2 - total 376 false negative
[StokeClustering] info: iter 2 - total 256 false positive
[StokeClustering] info: iter 2 total 483 true positive
[StokeClustering] info: iter 2 precision:0.6535859269282814
[StokeClustering] info: iter 2 recall:0.5622817229336438
[StrokeClustering] info: 2 objects were discarded
-------------------------------------------------------------
[StrokeClustering] info: total 61 object not found in combinations. Might be eliminated as a part of other selected object
[StokeClustering] info: iter 3 - total 367 false negative
[StokeClustering] info: iter 3 - total 264 false positive
[StokeClustering] info: iter 3 total 492 true positive
[StokeClustering] info: iter 3 precision:0.6507936507936508
[StokeClustering] info: iter 3 recall:0.5727590221187427
[StrokeClustering] info: 0 objects were discarded
-------------------------------------------------------------
[StrokeClustering] info: total 61 object not found in combinations. Might be eliminated as a part of other selected object
[StokeClustering] info: iter 4 - total 359 false negative
[StokeClustering] info: iter 4 - total 283 false positive
[StokeClustering] info: iter 4 total 500 true positive
[StokeClustering] info: iter 4 precision:0.6385696040868455
[StokeClustering] info: iter 4 recall:0.5820721769499418
[StrokeClustering] info: 13 objects were discarded
-------------------------------------------------------------
[StrokeClustering] info: total 61 object not found in combinations. Might be eliminated as a part of other selected object
[StokeClustering] info: iter 5 - total 354 false negative
[StokeClustering] info: iter 5 - total 275 false positive
[StokeClustering] info: iter 5 total 504 true positive
[StokeClustering] info: iter 5 precision:0.6469833119383825
[StokeClustering] info: iter 5 recall:0.5874125874125874
[StrokeClustering] info: 14 objects were discarded
-------------------------------------------------------------
[StrokeClustering] info: total 63 object not found in combinations. Might be eliminated as a part of other selected object
[StokeClustering] info: iter 6 - total 347 false negative
[StokeClustering] info: iter 6 - total 270 false positive
[StokeClustering] info: iter 6 total 510 true positive
[StokeClustering] info: iter 6 precision:0.6538461538461539
[StokeClustering] info: iter 6 recall:0.5950991831971996
[StrokeClustering] info: 7 objects were discarded
-------------------------------------------------------------
[StrokeClustering] info: total 63 object not found in combinations. Might be eliminated as a part of other selected object
[StokeClustering] info: iter 7 - total 343 false negative
[StokeClustering] info: iter 7 - total 274 false positive
[StokeClustering] info: iter 7 total 514 true positive
[StokeClustering] info: iter 7 precision:0.6522842639593909
[StokeClustering] info: iter 7 recall:0.5997666277712952
[StrokeClustering] info: 12 objects were discarded
-------------------------------------------------------------
[StrokeClustering] info: total 63 object not found in combinations. Might be eliminated as a part of other selected object
[StokeClustering] info: iter 8 - total 335 false negative
[StokeClustering] info: iter 8 - total 277 false positive
[StokeClustering] info: iter 8 total 521 true positive
[StokeClustering] info: iter 8 precision:0.6528822055137845
[StokeClustering] info: iter 8 recall:0.6086448598130841
[StrokeClustering] info: 30 objects were discarded
-------------------------------------------------------------
[StrokeClustering] info: total 69 object not found in combinations. Might be eliminated as a part of other selected object
[StokeClustering] info: iter 9 - total 321 false negative
[StokeClustering] info: iter 9 - total 266 false positive
[StokeClustering] info: iter 9 total 536 true positive
[StokeClustering] info: iter 9 precision:0.6683291770573566
[StokeClustering] info: iter 9 recall:0.6254375729288215
[StrokeClustering] info: 27 objects were discarded
-------------------------------------------------------------
[StrokeClustering] info: total 71 object not found in combinations. Might be eliminated as a part of other selected object
[StokeClustering] info: iter 10 - total 313 false negative
[StokeClustering] info: iter 10 - total 256 false positive
[StokeClustering] info: iter 10 total 544 true positive
[StokeClustering] info: iter 10 precision:0.68
[StokeClustering] info: iter 10 recall:0.6347724620770129
[StrokeClustering] info: 0 objects were discarded
-------------------------------------------------------------
[StrokeClustering] info: total 71 object not found in combinations. Might be eliminated as a part of other selected object
[StokeClustering] info: iter 11 - total 298 false negative
[StokeClustering] info: iter 11 - total 261 false positive
[StokeClustering] info: iter 11 total 559 true positive
[StokeClustering] info: iter 11 precision:0.6817073170731708
[StokeClustering] info: iter 11 recall:0.6522753792298717
[StrokeClustering] info: 18 objects were discarded
-------------------------------------------------------------
[StrokeClustering] info: total 72 object not found in combinations. Might be eliminated as a part of other selected object
[StokeClustering] info: iter 12 - total 289 false negative
[StokeClustering] info: iter 12 - total 252 false positive
[StokeClustering] info: iter 12 total 568 true positive
[StokeClustering] info: iter 12 precision:0.6926829268292682
[StokeClustering] info: iter 12 recall:0.662777129521587
[StrokeClustering] info: 23 objects were discarded
-------------------------------------------------------------
[StrokeClustering] info: total 72 object not found in combinations. Might be eliminated as a part of other selected object
[StokeClustering] info: iter 13 - total 280 false negative
[StokeClustering] info: iter 13 - total 249 false positive
[StokeClustering] info: iter 13 total 577 true positive
[StokeClustering] info: iter 13 precision:0.698547215496368
[StokeClustering] info: iter 13 recall:0.6732788798133023
[StrokeClustering] info: 29 objects were discarded
-------------------------------------------------------------
[StrokeClustering] info: total 72 object not found in combinations. Might be eliminated as a part of other selected object
[StokeClustering] info: iter 14 - total 272 false negative
[StokeClustering] info: iter 14 - total 222 false positive
[StokeClustering] info: iter 14 total 583 true positive
[StokeClustering] info: iter 14 precision:0.724223602484472
[StokeClustering] info: iter 14 recall:0.6818713450292397
[StrokeClustering] info: 7 objects were discarded
-------------------------------------------------------------
[StrokeClustering] info: total 74 object not found in combinations. Might be eliminated as a part of other selected object
[StokeClustering] info: iter 15 - total 274 false negative
[StokeClustering] info: iter 15 - total 223 false positive
[StokeClustering] info: iter 15 total 581 true positive
[StokeClustering] info: iter 15 precision:0.722636815920398
[StokeClustering] info: iter 15 recall:0.6795321637426901
[StrokeClustering] info: 8 objects were discarded
-------------------------------------------------------------
[StrokeClustering] info: total 78 object not found in combinations. Might be eliminated as a part of other selected object
[StokeClustering] info: iter 16 - total 264 false negative
[StokeClustering] info: iter 16 - total 222 false positive
[StokeClustering] info: iter 16 total 591 true positive
[StokeClustering] info: iter 16 precision:0.7269372693726938
[StokeClustering] info: iter 16 recall:0.6912280701754386
[StrokeClustering] info: 3 objects were discarded
-------------------------------------------------------------
[StrokeClustering] info: total 78 object not found in combinations. Might be eliminated as a part of other selected object
[StokeClustering] info: iter 17 - total 257 false negative
[StokeClustering] info: iter 17 - total 221 false positive
[StokeClustering] info: iter 17 total 598 true positive
[StokeClustering] info: iter 17 precision:0.7301587301587301
[StokeClustering] info: iter 17 recall:0.6994152046783626
[StrokeClustering] info: 15 objects were discarded
-------------------------------------------------------------
[StrokeClustering] info: total 78 object not found in combinations. Might be eliminated as a part of other selected object
[StokeClustering] info: iter 18 - total 254 false negative
[StokeClustering] info: iter 18 - total 208 false positive
[StokeClustering] info: iter 18 total 600 true positive
[StokeClustering] info: iter 18 precision:0.7425742574257426
[StokeClustering] info: iter 18 recall:0.702576112412178
[StrokeClustering] info: 0 objects were discarded
-------------------------------------------------------------
[StrokeClustering] info: total 78 object not found in combinations. Might be eliminated as a part of other selected object
[StokeClustering] info: iter 19 - total 248 false negative
[StokeClustering] info: iter 19 - total 218 false positive
[StokeClustering] info: iter 19 total 605 true positive
[StokeClustering] info: iter 19 precision:0.7351154313487241
[StokeClustering] info: iter 19 recall:0.7092614302461899
[StrokeClustering] info: 21 objects were discarded
-------------------------------------------------------------
[StrokeClustering] info: total 79 object not found in combinations. Might be eliminated as a part of other selected object
[StokeClustering] info: iter 20 - total 248 false negative
[StokeClustering] info: iter 20 - total 206 false positive
[StokeClustering] info: iter 20 total 603 true positive
[StokeClustering] info: iter 20 precision:0.7453646477132262
[StokeClustering] info: iter 20 recall:0.7085781433607521
[StrokeClustering] info: 2 objects were discarded
-------------------------------------------------------------
[StrokeClustering] info: total 81 object not found in combinations. Might be eliminated as a part of other selected object
[StokeClustering] info: iter 21 - total 245 false negative
[StokeClustering] info: iter 21 - total 220 false positive
[StokeClustering] info: iter 21 total 606 true positive
[StokeClustering] info: iter 21 precision:0.7336561743341404
[StokeClustering] info: iter 21 recall:0.7121034077555817
[StrokeClustering] info: 14 objects were discarded
-------------------------------------------------------------
[StrokeClustering] info: total 95 object not found in combinations. Might be eliminated as a part of other selected object
[StokeClustering] info: iter 22 - total 257 false negative
[StokeClustering] info: iter 22 - total 224 false positive
[StokeClustering] info: iter 22 total 596 true positive
[StokeClustering] info: iter 22 precision:0.7268292682926829
[StokeClustering] info: iter 22 recall:0.6987104337631888
[StrokeClustering] info: 37 objects were discarded
-------------------------------------------------------------
[StrokeClustering] info: total 110 object not found in combinations. Might be eliminated as a part of other selected object
[StokeClustering] info: iter 23 - total 259 false negative
[StokeClustering] info: iter 23 - total 206 false positive
[StokeClustering] info: iter 23 total 590 true positive
[StokeClustering] info: iter 23 precision:0.7412060301507538
[StokeClustering] info: iter 23 recall:0.6949352179034158
[StrokeClustering] info: 5 objects were discarded
-------------------------------------------------------------
[StrokeClustering] info: total 110 object not found in combinations. Might be eliminated as a part of other selected object
[StokeClustering] info: iter 24 - total 254 false negative
[StokeClustering] info: iter 24 - total 211 false positive
[StokeClustering] info: iter 24 total 595 true positive
[StokeClustering] info: iter 24 precision:0.7382133995037221
[StokeClustering] info: iter 24 recall:0.7008244994110718
[StrokeClustering] info: 6 objects were discarded
-------------------------------------------------------------
[StrokeClustering] info: total 112 object not found in combinations. Might be eliminated as a part of other selected object
[StokeClustering] info: iter 25 - total 244 false negative
[StokeClustering] info: iter 25 - total 218 false positive
[StokeClustering] info: iter 25 total 605 true positive
[StokeClustering] info: iter 25 precision:0.7351154313487241
[StokeClustering] info: iter 25 recall:0.7126030624263839
[StrokeClustering] info: 33 objects were discarded
-------------------------------------------------------------
[StrokeClustering] info: total 114 object not found in combinations. Might be eliminated as a part of other selected object
[StokeClustering] info: iter 26 - total 243 false negative
[StokeClustering] info: iter 26 - total 202 false positive
[StokeClustering] info: iter 26 total 607 true positive
[StokeClustering] info: iter 26 precision:0.7503090234857849
[StokeClustering] info: iter 26 recall:0.7141176470588235
[StrokeClustering] info: 10 objects were discarded
-------------------------------------------------------------
[StrokeClustering] info: total 116 object not found in combinations. Might be eliminated as a part of other selected object
[StokeClustering] info: iter 27 - total 238 false negative
[StokeClustering] info: iter 27 - total 198 false positive
[StokeClustering] info: iter 27 total 612 true positive
[StokeClustering] info: iter 27 precision:0.7555555555555555
[StokeClustering] info: iter 27 recall:0.72
[StrokeClustering] info: 4 objects were discarded
-------------------------------------------------------------
[StrokeClustering] info: total 118 object not found in combinations. Might be eliminated as a part of other selected object
[StokeClustering] info: iter 28 - total 236 false negative
[StokeClustering] info: iter 28 - total 211 false positive
[StokeClustering] info: iter 28 total 614 true positive
[StokeClustering] info: iter 28 precision:0.7442424242424243
[StokeClustering] info: iter 28 recall:0.7223529411764706
[StrokeClustering] info: 29 objects were discarded
-------------------------------------------------------------
[StrokeClustering] info: total 122 object not found in combinations. Might be eliminated as a part of other selected object
[StokeClustering] info: iter 29 - total 238 false negative
[StokeClustering] info: iter 29 - total 195 false positive
[StokeClustering] info: iter 29 total 611 true positive
[StokeClustering] info: iter 29 precision:0.7580645161290323
[StokeClustering] info: iter 29 recall:0.7196702002355713
[StrokeClustering] info: 11 objects were discarded
-------------------------------------------------------------
[StrokeClustering] info: total 126 object not found in combinations. Might be eliminated as a part of other selected object
[StokeClustering] info: iter 30 - total 239 false negative
[StokeClustering] info: iter 30 - total 194 false positive
[StokeClustering] info: iter 30 total 611 true positive
[StokeClustering] info: iter 30 precision:0.7590062111801242
[StokeClustering] info: iter 30 recall:0.7188235294117648
[StrokeClustering] info: 0 objects were discarded
-------------------------------------------------------------
[StrokeClustering] info: total 126 object not found in combinations. Might be eliminated as a part of other selected object
[StokeClustering] info: iter 31 - total 231 false negative
[StokeClustering] info: iter 31 - total 200 false positive
[StokeClustering] info: iter 31 total 619 true positive
[StokeClustering] info: iter 31 precision:0.7557997557997558
[StokeClustering] info: iter 31 recall:0.7282352941176471
[StrokeClustering] info: 14 objects were discarded
-------------------------------------------------------------
[StrokeClustering] info: total 126 object not found in combinations. Might be eliminated as a part of other selected object
[StokeClustering] info: iter 32 - total 228 false negative
[StokeClustering] info: iter 32 - total 199 false positive
[StokeClustering] info: iter 32 total 621 true positive
[StokeClustering] info: iter 32 precision:0.7573170731707317
[StokeClustering] info: iter 32 recall:0.7314487632508834
[StrokeClustering] info: 27 objects were discarded
-------------------------------------------------------------
[StrokeClustering] info: total 138 object not found in combinations. Might be eliminated as a part of other selected object
[StokeClustering] info: iter 33 - total 239 false negative
[StokeClustering] info: iter 33 - total 183 false positive
[StokeClustering] info: iter 33 total 606 true positive
[StokeClustering] info: iter 33 precision:0.7680608365019012
[StokeClustering] info: iter 33 recall:0.7171597633136094
[StrokeClustering] info: 10 objects were discarded
-------------------------------------------------------------
[StrokeClustering] info: total 138 object not found in combinations. Might be eliminated as a part of other selected object
[StokeClustering] info: iter 34 - total 239 false negative
[StokeClustering] info: iter 34 - total 175 false positive
[StokeClustering] info: iter 34 total 606 true positive
[StokeClustering] info: iter 34 precision:0.7759282970550576
[StokeClustering] info: iter 34 recall:0.7171597633136094
[StrokeClustering] info: 2 objects were discarded
-------------------------------------------------------------
[StrokeClustering] info: total 138 object not found in combinations. Might be eliminated as a part of other selected object
[StokeClustering] info: iter 35 - total 236 false negative
[StokeClustering] info: iter 35 - total 179 false positive
[StokeClustering] info: iter 35 total 609 true positive
[StokeClustering] info: iter 35 precision:0.7728426395939086
[StokeClustering] info: iter 35 recall:0.7207100591715976
[StrokeClustering] info: 10 objects were discarded
-------------------------------------------------------------
[StrokeClustering] info: total 138 object not found in combinations. Might be eliminated as a part of other selected object
[StokeClustering] info: iter 36 - total 234 false negative
[StokeClustering] info: iter 36 - total 189 false positive
[StokeClustering] info: iter 36 total 609 true positive
[StokeClustering] info: iter 36 precision:0.7631578947368421
[StokeClustering] info: iter 36 recall:0.7224199288256228
[StrokeClustering] info: 18 objects were discarded
-------------------------------------------------------------
[StrokeClustering] info: total 143 object not found in combinations. Might be eliminated as a part of other selected object
[StokeClustering] info: iter 37 - total 231 false negative
[StokeClustering] info: iter 37 - total 187 false positive
[StokeClustering] info: iter 37 total 612 true positive
[StokeClustering] info: iter 37 precision:0.7659574468085106
[StokeClustering] info: iter 37 recall:0.7259786476868327
[StrokeClustering] info: 17 objects were discarded
-------------------------------------------------------------
[StrokeClustering] info: total 143 object not found in combinations. Might be eliminated as a part of other selected object
[StokeClustering] info: iter 38 - total 226 false negative
[StokeClustering] info: iter 38 - total 178 false positive
[StokeClustering] info: iter 38 total 617 true positive
[StokeClustering] info: iter 38 precision:0.7761006289308177
[StokeClustering] info: iter 38 recall:0.7319098457888493
[StrokeClustering] info: 16 objects were discarded
-------------------------------------------------------------
[StrokeClustering] info: total 143 object not found in combinations. Might be eliminated as a part of other selected object
[StokeClustering] info: iter 39 - total 225 false negative
[StokeClustering] info: iter 39 - total 171 false positive
[StokeClustering] info: iter 39 total 618 true positive
[StokeClustering] info: iter 39 precision:0.7832699619771863
[StokeClustering] info: iter 39 recall:0.7330960854092526
[StrokeClustering] info: 17 objects were discarded
-------------------------------------------------------------
[StrokeClustering] info: total 148 object not found in combinations. Might be eliminated as a part of other selected object
[StokeClustering] info: iter 40 - total 223 false negative
[StokeClustering] info: iter 40 - total 171 false positive
[StokeClustering] info: iter 40 total 620 true positive
[StokeClustering] info: iter 40 precision:0.7838179519595448
[StokeClustering] info: iter 40 recall:0.7354685646500593
[StrokeClustering] info: 28 objects were discarded
-------------------------------------------------------------
[StrokeClustering] info: total 152 object not found in combinations. Might be eliminated as a part of other selected object
[StokeClustering] info: iter 41 - total 227 false negative
[StokeClustering] info: iter 41 - total 166 false positive
[StokeClustering] info: iter 41 total 616 true positive
[StokeClustering] info: iter 41 precision:0.7877237851662404
[StokeClustering] info: iter 41 recall:0.730723606168446
[StrokeClustering] info: 6 objects were discarded
-------------------------------------------------------------
[StrokeClustering] info: total 152 object not found in combinations. Might be eliminated as a part of other selected object
[StokeClustering] info: iter 42 - total 224 false negative
[StokeClustering] info: iter 42 - total 170 false positive
[StokeClustering] info: iter 42 total 615 true positive
[StokeClustering] info: iter 42 precision:0.7834394904458599
[StokeClustering] info: iter 42 recall:0.733015494636472
[StrokeClustering] info: 16 objects were discarded
-------------------------------------------------------------
[StrokeClustering] info: total 155 object not found in combinations. Might be eliminated as a part of other selected object
[StokeClustering] info: iter 43 - total 228 false negative
[StokeClustering] info: iter 43 - total 166 false positive
[StokeClustering] info: iter 43 total 609 true positive
[StokeClustering] info: iter 43 precision:0.7858064516129032
[StokeClustering] info: iter 43 recall:0.7275985663082437
[StrokeClustering] info: 2 objects were discarded
-------------------------------------------------------------
[StrokeClustering] info: total 155 object not found in combinations. Might be eliminated as a part of other selected object
[StokeClustering] info: iter 44 - total 223 false negative
[StokeClustering] info: iter 44 - total 169 false positive
[StokeClustering] info: iter 44 total 613 true positive
[StokeClustering] info: iter 44 precision:0.7838874680306905
[StokeClustering] info: iter 44 recall:0.7332535885167464
[StrokeClustering] info: 5 objects were discarded
-------------------------------------------------------------
[StrokeClustering] info: total 157 object not found in combinations. Might be eliminated as a part of other selected object
[StokeClustering] info: iter 45 - total 218 false negative
[StokeClustering] info: iter 45 - total 171 false positive
[StokeClustering] info: iter 45 total 619 true positive
[StokeClustering] info: iter 45 precision:0.7835443037974683
[StokeClustering] info: iter 45 recall:0.7395459976105138
[StrokeClustering] info: 5 objects were discarded
-------------------------------------------------------------
[StrokeClustering] info: total 157 object not found in combinations. Might be eliminated as a part of other selected object
[StokeClustering] info: iter 46 - total 215 false negative
[StokeClustering] info: iter 46 - total 168 false positive
[StokeClustering] info: iter 46 total 622 true positive
[StokeClustering] info: iter 46 precision:0.7873417721518987
[StokeClustering] info: iter 46 recall:0.7431302270011948
[StrokeClustering] info: 2 objects were discarded
-------------------------------------------------------------
[StrokeClustering] info: total 157 object not found in combinations. Might be eliminated as a part of other selected object
[StokeClustering] info: iter 47 - total 214 false negative
[StokeClustering] info: iter 47 - total 169 false positive
[StokeClustering] info: iter 47 total 623 true positive
[StokeClustering] info: iter 47 precision:0.7866161616161617
[StokeClustering] info: iter 47 recall:0.7443249701314217
[StrokeClustering] info: 2 objects were discarded
-------------------------------------------------------------
[StrokeClustering] info: total 157 object not found in combinations. Might be eliminated as a part of other selected object
[StokeClustering] info: iter 48 - total 204 false negative
[StokeClustering] info: iter 48 - total 172 false positive
[StokeClustering] info: iter 48 total 632 true positive
[StokeClustering] info: iter 48 precision:0.7860696517412935
[StokeClustering] info: iter 48 recall:0.7559808612440191
[StrokeClustering] info: 27 objects were discarded
-------------------------------------------------------------
[StrokeClustering] info: total 159 object not found in combinations. Might be eliminated as a part of other selected object
[StokeClustering] info: iter 49 - total 203 false negative
[StokeClustering] info: iter 49 - total 167 false positive
[StokeClustering] info: iter 49 total 631 true positive
[StokeClustering] info: iter 49 precision:0.7907268170426065
[StokeClustering] info: iter 49 recall:0.7565947242206235
[StrokeClustering] info: 7 objects were discarded
-------------------------------------------------------------
[StrokeClustering] info: total 159 object not found in combinations. Might be eliminated as a part of other selected object
[StokeClustering] info: iter 50 - total 195 false negative
[StokeClustering] info: iter 50 - total 154 false positive
[StokeClustering] info: iter 50 total 639 true positive
[StokeClustering] info: iter 50 precision:0.8058007566204287
[StokeClustering] info: iter 50 recall:0.7661870503597122
[StrokeClustering] info: 4 objects were discarded
-------------------------------------------------------------
[StrokeClustering] info: total 159 object not found in combinations. Might be eliminated as a part of other selected object
[StokeClustering] info: iter 51 - total 195 false negative
[StokeClustering] info: iter 51 - total 164 false positive
[StokeClustering] info: iter 51 total 639 true positive
[StokeClustering] info: iter 51 precision:0.7957658779576587
[StokeClustering] info: iter 51 recall:0.7661870503597122
[StrokeClustering] info: 5 objects were discarded
-------------------------------------------------------------
[StrokeClustering] info: total 159 object not found in combinations. Might be eliminated as a part of other selected object
[StokeClustering] info: iter 52 - total 192 false negative
[StokeClustering] info: iter 52 - total 161 false positive
[StokeClustering] info: iter 52 total 642 true positive
[StokeClustering] info: iter 52 precision:0.7995018679950187
[StokeClustering] info: iter 52 recall:0.7697841726618705
[StrokeClustering] info: 9 objects were discarded
-------------------------------------------------------------
[StrokeClustering] info: total 163 object not found in combinations. Might be eliminated as a part of other selected object
[StokeClustering] info: iter 53 - total 196 false negative
[StokeClustering] info: iter 53 - total 161 false positive
[StokeClustering] info: iter 53 total 636 true positive
[StokeClustering] info: iter 53 precision:0.7979924717691342
[StokeClustering] info: iter 53 recall:0.7644230769230769
[StrokeClustering] info: 1 objects were discarded
-------------------------------------------------------------
[StrokeClustering] info: total 163 object not found in combinations. Might be eliminated as a part of other selected object
[StokeClustering] info: iter 54 - total 193 false negative
[StokeClustering] info: iter 54 - total 161 false positive
[StokeClustering] info: iter 54 total 639 true positive
[StokeClustering] info: iter 54 precision:0.79875
[StokeClustering] info: iter 54 recall:0.7680288461538461
[StrokeClustering] info: 13 objects were discarded
-------------------------------------------------------------
[StrokeClustering] info: total 165 object not found in combinations. Might be eliminated as a part of other selected object
[StokeClustering] info: iter 55 - total 193 false negative
[StokeClustering] info: iter 55 - total 155 false positive
[StokeClustering] info: iter 55 total 640 true positive
[StokeClustering] info: iter 55 precision:0.8050314465408805
[StokeClustering] info: iter 55 recall:0.7683073229291717
[StrokeClustering] info: 5 objects were discarded
-------------------------------------------------------------
[StrokeClustering] info: total 165 object not found in combinations. Might be eliminated as a part of other selected object
[StokeClustering] info: iter 56 - total 193 false negative
[StokeClustering] info: iter 56 - total 151 false positive
[StokeClustering] info: iter 56 total 640 true positive
[StokeClustering] info: iter 56 precision:0.809102402022756
[StokeClustering] info: iter 56 recall:0.7683073229291717
[StrokeClustering] info: 2 objects were discarded
-------------------------------------------------------------
[StrokeClustering] info: total 166 object not found in combinations. Might be eliminated as a part of other selected object
[StokeClustering] info: iter 57 - total 194 false negative
[StokeClustering] info: iter 57 - total 154 false positive
[StokeClustering] info: iter 57 total 638 true positive
[StokeClustering] info: iter 57 precision:0.8055555555555556
[StokeClustering] info: iter 57 recall:0.7668269230769231
[StrokeClustering] info: 0 objects were discarded
-------------------------------------------------------------
[StrokeClustering] info: total 166 object not found in combinations. Might be eliminated as a part of other selected object
[StokeClustering] info: iter 58 - total 193 false negative
[StokeClustering] info: iter 58 - total 160 false positive
[StokeClustering] info: iter 58 total 639 true positive
[StokeClustering] info: iter 58 precision:0.799749687108886
[StokeClustering] info: iter 58 recall:0.7680288461538461
[StrokeClustering] info: 12 objects were discarded
-------------------------------------------------------------
[StrokeClustering] info: total 166 object not found in combinations. Might be eliminated as a part of other selected object
[StokeClustering] info: iter 59 - total 194 false negative
[StokeClustering] info: iter 59 - total 152 false positive
[StokeClustering] info: iter 59 total 638 true positive
[StokeClustering] info: iter 59 precision:0.8075949367088607
[StokeClustering] info: iter 59 recall:0.7668269230769231
[StrokeClustering] info: 12 objects were discarded
-------------------------------------------------------------
[StokeClustering] info: total 738 predicted objects
[StrokeClustering] info: total 170 object not found in combinations. Might be eliminated as a part of other selected object
[StokeClustering] info: total 215 false negative
[StokeClustering] info: total 120 false positive
[StokeClustering] info: total 618 true positive
[StokeClustering] info: precision 0.8373983739837398
[StokeClustering] info: recall 0.7418967587034814

----------------------------------------------------------------
Hand calculated results after considering two circles as an object
[StokeClustering] info: total 215 false negative
[StokeClustering] info: total 120 false positive
[StokeClustering] info: total 618 true positive
[StokeClustering] info: precision 0.905
[StokeClustering] info: recall 0.783