[ParsingEvaluation] taget object contains 12 objects
[ParsingEvaluation] warn: 110 unordered objects were found and discarded
[ParsingEvaluation] warn: a sketch has no object of the accepted labels -- its labels are['Rectangle' 'Number' 'Number' 'Number' 'Rectangle']
[ParsingEvaluation] warn: a sketch has no object of the accepted labels -- its labels are['Number' 'Number' 'Number']
[ParsingEvaluation] warn: a sketch has no object of the accepted labels -- its labels are['Number' 'Number' 'Parenthesis Right' 'Parenthesis Left' 'Number'
 'Parenthesis Left' 'Parenthesis Right']
[ParsingEvaluation] testing directory contains 530 objects
[ParsingEvaluation] after cleaning, taget object contains 9 objects
[ParsingEvaluation] after cleaning, testing directory contains 530 objects
[ParsingEvaluation] Total number of objects:  530
[ParsingEvaluation] Single stroke objects:  193
[ParsingEvaluation] Single stroke/number of objects ration:  0.3641509433962264
[StrokeClustering] info: eps initial value:7
[StrokeClustering] info: mn_samples:9
[run-experiment] resorting checkpoint if exists
[Checkpoint] Restored, step #207536
original embeddings obtained
[StrokeClustering] info: total 97 object not found in combinations. Might be eliminated as a part of other selected object
[StokeClustering] info: iter 0 - total 442 false negative
[StokeClustering] info: iter 0 - total 849 false positive
[StokeClustering] info: iter 0 total 88 true positive
[StokeClustering] info: iter 0 precision:0.09391675560298826
[StokeClustering] info: iter 0 recall:0.1660377358490566
[StrokeClustering] info: 289 objects were discarded
-------------------------------------------------------------
[StrokeClustering] info: total 97 object not found in combinations. Might be eliminated as a part of other selected object
[StokeClustering] info: iter 1 - total 432 false negative
[StokeClustering] info: iter 1 - total 555 false positive
[StokeClustering] info: iter 1 total 98 true positive
[StokeClustering] info: iter 1 precision:0.15007656967840735
[StokeClustering] info: iter 1 recall:0.18490566037735848
[StrokeClustering] info: 21 objects were discarded
-------------------------------------------------------------
[StrokeClustering] info: total 97 object not found in combinations. Might be eliminated as a part of other selected object
[StokeClustering] info: iter 2 - total 426 false negative
[StokeClustering] info: iter 2 - total 546 false positive
[StokeClustering] info: iter 2 total 104 true positive
[StokeClustering] info: iter 2 precision:0.16
[StokeClustering] info: iter 2 recall:0.19622641509433963
[StrokeClustering] info: 106 objects were discarded
-------------------------------------------------------------
[StrokeClustering] info: total 97 object not found in combinations. Might be eliminated as a part of other selected object
[StokeClustering] info: iter 3 - total 414 false negative
[StokeClustering] info: iter 3 - total 474 false positive
[StokeClustering] info: iter 3 total 116 true positive
[StokeClustering] info: iter 3 precision:0.19661016949152543
[StokeClustering] info: iter 3 recall:0.2188679245283019
[StrokeClustering] info: 8 objects were discarded
-------------------------------------------------------------
[StrokeClustering] info: total 97 object not found in combinations. Might be eliminated as a part of other selected object
[StokeClustering] info: iter 4 - total 412 false negative
[StokeClustering] info: iter 4 - total 470 false positive
[StokeClustering] info: iter 4 total 118 true positive
[StokeClustering] info: iter 4 precision:0.20068027210884354
[StokeClustering] info: iter 4 recall:0.22264150943396227
[StrokeClustering] info: 0 objects were discarded
-------------------------------------------------------------
[StrokeClustering] info: total 97 object not found in combinations. Might be eliminated as a part of other selected object
[StokeClustering] info: iter 5 - total 411 false negative
[StokeClustering] info: iter 5 - total 485 false positive
[StokeClustering] info: iter 5 total 119 true positive
[StokeClustering] info: iter 5 precision:0.19701986754966888
[StokeClustering] info: iter 5 recall:0.22452830188679246
[StrokeClustering] info: 11 objects were discarded
-------------------------------------------------------------
[StrokeClustering] info: total 97 object not found in combinations. Might be eliminated as a part of other selected object
[StokeClustering] info: iter 6 - total 396 false negative
[StokeClustering] info: iter 6 - total 483 false positive
[StokeClustering] info: iter 6 total 134 true positive
[StokeClustering] info: iter 6 precision:0.2171799027552674
[StokeClustering] info: iter 6 recall:0.2528301886792453
[StrokeClustering] info: 30 objects were discarded
-------------------------------------------------------------
[StrokeClustering] info: total 97 object not found in combinations. Might be eliminated as a part of other selected object
[StokeClustering] info: iter 7 - total 388 false negative
[StokeClustering] info: iter 7 - total 468 false positive
[StokeClustering] info: iter 7 total 142 true positive
[StokeClustering] info: iter 7 precision:0.23278688524590163
[StokeClustering] info: iter 7 recall:0.2679245283018868
[StrokeClustering] info: 21 objects were discarded
-------------------------------------------------------------
[StrokeClustering] info: total 97 object not found in combinations. Might be eliminated as a part of other selected object
[StokeClustering] info: iter 8 - total 369 false negative
[StokeClustering] info: iter 8 - total 472 false positive
[StokeClustering] info: iter 8 total 161 true positive
[StokeClustering] info: iter 8 precision:0.25434439178515006
[StokeClustering] info: iter 8 recall:0.30377358490566037
[StrokeClustering] info: 30 objects were discarded
-------------------------------------------------------------
[StrokeClustering] info: total 97 object not found in combinations. Might be eliminated as a part of other selected object
[StokeClustering] info: iter 9 - total 359 false negative
[StokeClustering] info: iter 9 - total 461 false positive
[StokeClustering] info: iter 9 total 171 true positive
[StokeClustering] info: iter 9 precision:0.27056962025316456
[StokeClustering] info: iter 9 recall:0.32264150943396225
[StrokeClustering] info: 16 objects were discarded
-------------------------------------------------------------
[StrokeClustering] info: total 97 object not found in combinations. Might be eliminated as a part of other selected object
[StokeClustering] info: iter 10 - total 352 false negative
[StokeClustering] info: iter 10 - total 454 false positive
[StokeClustering] info: iter 10 total 178 true positive
[StokeClustering] info: iter 10 precision:0.28164556962025317
[StokeClustering] info: iter 10 recall:0.33584905660377357
[StrokeClustering] info: 14 objects were discarded
-------------------------------------------------------------
[StrokeClustering] info: total 97 object not found in combinations. Might be eliminated as a part of other selected object
[StokeClustering] info: iter 11 - total 348 false negative
[StokeClustering] info: iter 11 - total 449 false positive
[StokeClustering] info: iter 11 total 182 true positive
[StokeClustering] info: iter 11 precision:0.2884310618066561
[StokeClustering] info: iter 11 recall:0.3433962264150943
[StrokeClustering] info: 6 objects were discarded
-------------------------------------------------------------
[StrokeClustering] info: total 97 object not found in combinations. Might be eliminated as a part of other selected object
[StokeClustering] info: iter 12 - total 340 false negative
[StokeClustering] info: iter 12 - total 450 false positive
[StokeClustering] info: iter 12 total 190 true positive
[StokeClustering] info: iter 12 precision:0.296875
[StokeClustering] info: iter 12 recall:0.3584905660377358
[StrokeClustering] info: 10 objects were discarded
-------------------------------------------------------------
[StrokeClustering] info: total 97 object not found in combinations. Might be eliminated as a part of other selected object
[StokeClustering] info: iter 13 - total 333 false negative
[StokeClustering] info: iter 13 - total 449 false positive
[StokeClustering] info: iter 13 total 197 true positive
[StokeClustering] info: iter 13 precision:0.30495356037151705
[StokeClustering] info: iter 13 recall:0.37169811320754714
[StrokeClustering] info: 2 objects were discarded
-------------------------------------------------------------
[StrokeClustering] info: total 97 object not found in combinations. Might be eliminated as a part of other selected object
[StokeClustering] info: iter 14 - total 325 false negative
[StokeClustering] info: iter 14 - total 456 false positive
[StokeClustering] info: iter 14 total 205 true positive
[StokeClustering] info: iter 14 precision:0.3101361573373676
[StokeClustering] info: iter 14 recall:0.3867924528301887
[StrokeClustering] info: 7 objects were discarded
-------------------------------------------------------------
[StrokeClustering] info: total 97 object not found in combinations. Might be eliminated as a part of other selected object
[StokeClustering] info: iter 15 - total 316 false negative
[StokeClustering] info: iter 15 - total 467 false positive
[StokeClustering] info: iter 15 total 214 true positive
[StokeClustering] info: iter 15 precision:0.3142437591776799
[StokeClustering] info: iter 15 recall:0.4037735849056604
[StrokeClustering] info: 15 objects were discarded
-------------------------------------------------------------
[StrokeClustering] info: total 97 object not found in combinations. Might be eliminated as a part of other selected object
[StokeClustering] info: iter 16 - total 305 false negative
[StokeClustering] info: iter 16 - total 448 false positive
[StokeClustering] info: iter 16 total 225 true positive
[StokeClustering] info: iter 16 precision:0.3343239227340267
[StokeClustering] info: iter 16 recall:0.42452830188679247
[StrokeClustering] info: 4 objects were discarded
-------------------------------------------------------------
[StrokeClustering] info: total 97 object not found in combinations. Might be eliminated as a part of other selected object
[StokeClustering] info: iter 17 - total 302 false negative
[StokeClustering] info: iter 17 - total 450 false positive
[StokeClustering] info: iter 17 total 228 true positive
[StokeClustering] info: iter 17 precision:0.336283185840708
[StokeClustering] info: iter 17 recall:0.43018867924528303
[StrokeClustering] info: 27 objects were discarded
-------------------------------------------------------------
[StrokeClustering] info: total 97 object not found in combinations. Might be eliminated as a part of other selected object
[StokeClustering] info: iter 18 - total 296 false negative
[StokeClustering] info: iter 18 - total 457 false positive
[StokeClustering] info: iter 18 total 234 true positive
[StokeClustering] info: iter 18 precision:0.3386396526772793
[StokeClustering] info: iter 18 recall:0.44150943396226416
[StrokeClustering] info: 25 objects were discarded
-------------------------------------------------------------
[StrokeClustering] info: total 97 object not found in combinations. Might be eliminated as a part of other selected object
[StokeClustering] info: iter 19 - total 292 false negative
[StokeClustering] info: iter 19 - total 450 false positive
[StokeClustering] info: iter 19 total 238 true positive
[StokeClustering] info: iter 19 precision:0.34593023255813954
[StokeClustering] info: iter 19 recall:0.4490566037735849
[StrokeClustering] info: 16 objects were discarded
-------------------------------------------------------------
[StrokeClustering] info: total 97 object not found in combinations. Might be eliminated as a part of other selected object
[StokeClustering] info: iter 20 - total 288 false negative
[StokeClustering] info: iter 20 - total 446 false positive
[StokeClustering] info: iter 20 total 242 true positive
[StokeClustering] info: iter 20 precision:0.35174418604651164
[StokeClustering] info: iter 20 recall:0.45660377358490567
[StrokeClustering] info: 12 objects were discarded
-------------------------------------------------------------
[StrokeClustering] info: total 97 object not found in combinations. Might be eliminated as a part of other selected object
[StokeClustering] info: iter 21 - total 277 false negative
[StokeClustering] info: iter 21 - total 445 false positive
[StokeClustering] info: iter 21 total 253 true positive
[StokeClustering] info: iter 21 precision:0.3624641833810888
[StokeClustering] info: iter 21 recall:0.47735849056603774
[StrokeClustering] info: 22 objects were discarded
-------------------------------------------------------------
[StrokeClustering] info: total 97 object not found in combinations. Might be eliminated as a part of other selected object
[StokeClustering] info: iter 22 - total 274 false negative
[StokeClustering] info: iter 22 - total 435 false positive
[StokeClustering] info: iter 22 total 256 true positive
[StokeClustering] info: iter 22 precision:0.3704775687409551
[StokeClustering] info: iter 22 recall:0.4830188679245283
[StrokeClustering] info: 5 objects were discarded
-------------------------------------------------------------
[StrokeClustering] info: total 97 object not found in combinations. Might be eliminated as a part of other selected object
[StokeClustering] info: iter 23 - total 270 false negative
[StokeClustering] info: iter 23 - total 436 false positive
[StokeClustering] info: iter 23 total 260 true positive
[StokeClustering] info: iter 23 precision:0.3735632183908046
[StokeClustering] info: iter 23 recall:0.49056603773584906
[StrokeClustering] info: 14 objects were discarded
-------------------------------------------------------------
[StrokeClustering] info: total 97 object not found in combinations. Might be eliminated as a part of other selected object
[StokeClustering] info: iter 24 - total 267 false negative
[StokeClustering] info: iter 24 - total 434 false positive
[StokeClustering] info: iter 24 total 263 true positive
[StokeClustering] info: iter 24 precision:0.37733142037302725
[StokeClustering] info: iter 24 recall:0.4962264150943396
[StrokeClustering] info: 9 objects were discarded
-------------------------------------------------------------
[StrokeClustering] info: total 97 object not found in combinations. Might be eliminated as a part of other selected object
[StokeClustering] info: iter 25 - total 256 false negative
[StokeClustering] info: iter 25 - total 434 false positive
[StokeClustering] info: iter 25 total 274 true positive
[StokeClustering] info: iter 25 precision:0.3870056497175141
[StokeClustering] info: iter 25 recall:0.5169811320754717
[StrokeClustering] info: 30 objects were discarded
-------------------------------------------------------------
[StrokeClustering] info: total 97 object not found in combinations. Might be eliminated as a part of other selected object
[StokeClustering] info: iter 26 - total 252 false negative
[StokeClustering] info: iter 26 - total 418 false positive
[StokeClustering] info: iter 26 total 278 true positive
[StokeClustering] info: iter 26 precision:0.3994252873563218
[StokeClustering] info: iter 26 recall:0.5245283018867924
[StrokeClustering] info: 14 objects were discarded
-------------------------------------------------------------
[StrokeClustering] info: total 97 object not found in combinations. Might be eliminated as a part of other selected object
[StokeClustering] info: iter 27 - total 244 false negative
[StokeClustering] info: iter 27 - total 408 false positive
[StokeClustering] info: iter 27 total 286 true positive
[StokeClustering] info: iter 27 precision:0.41210374639769454
[StokeClustering] info: iter 27 recall:0.539622641509434
[StrokeClustering] info: 24 objects were discarded
-------------------------------------------------------------
[StrokeClustering] info: total 97 object not found in combinations. Might be eliminated as a part of other selected object
[StokeClustering] info: iter 28 - total 235 false negative
[StokeClustering] info: iter 28 - total 402 false positive
[StokeClustering] info: iter 28 total 295 true positive
[StokeClustering] info: iter 28 precision:0.4232424677187948
[StokeClustering] info: iter 28 recall:0.5566037735849056
[StrokeClustering] info: 15 objects were discarded
-------------------------------------------------------------
[StrokeClustering] info: total 99 object not found in combinations. Might be eliminated as a part of other selected object
[StokeClustering] info: iter 29 - total 236 false negative
[StokeClustering] info: iter 29 - total 398 false positive
[StokeClustering] info: iter 29 total 294 true positive
[StokeClustering] info: iter 29 precision:0.42485549132947975
[StokeClustering] info: iter 29 recall:0.5547169811320755
[StrokeClustering] info: 5 objects were discarded
-------------------------------------------------------------
[StrokeClustering] info: total 100 object not found in combinations. Might be eliminated as a part of other selected object
[StokeClustering] info: iter 30 - total 230 false negative
[StokeClustering] info: iter 30 - total 401 false positive
[StokeClustering] info: iter 30 total 300 true positive
[StokeClustering] info: iter 30 precision:0.42796005706134094
[StokeClustering] info: iter 30 recall:0.5660377358490566
[StrokeClustering] info: 15 objects were discarded
-------------------------------------------------------------
[StrokeClustering] info: total 100 object not found in combinations. Might be eliminated as a part of other selected object
[StokeClustering] info: iter 31 - total 223 false negative
[StokeClustering] info: iter 31 - total 402 false positive
[StokeClustering] info: iter 31 total 307 true positive
[StokeClustering] info: iter 31 precision:0.4330042313117066
[StokeClustering] info: iter 31 recall:0.5792452830188679
[StrokeClustering] info: 12 objects were discarded
-------------------------------------------------------------
[StrokeClustering] info: total 102 object not found in combinations. Might be eliminated as a part of other selected object
[StokeClustering] info: iter 32 - total 219 false negative
[StokeClustering] info: iter 32 - total 401 false positive
[StokeClustering] info: iter 32 total 311 true positive
[StokeClustering] info: iter 32 precision:0.43679775280898875
[StokeClustering] info: iter 32 recall:0.5867924528301887
[StrokeClustering] info: 5 objects were discarded
-------------------------------------------------------------
[StrokeClustering] info: total 102 object not found in combinations. Might be eliminated as a part of other selected object
[StokeClustering] info: iter 33 - total 215 false negative
[StokeClustering] info: iter 33 - total 410 false positive
[StokeClustering] info: iter 33 total 315 true positive
[StokeClustering] info: iter 33 precision:0.43448275862068964
[StokeClustering] info: iter 33 recall:0.5943396226415094
[StrokeClustering] info: 18 objects were discarded
-------------------------------------------------------------
[StrokeClustering] info: total 102 object not found in combinations. Might be eliminated as a part of other selected object
[StokeClustering] info: iter 34 - total 210 false negative
[StokeClustering] info: iter 34 - total 403 false positive
[StokeClustering] info: iter 34 total 320 true positive
[StokeClustering] info: iter 34 precision:0.4426002766251729
[StokeClustering] info: iter 34 recall:0.6037735849056604
[StrokeClustering] info: 25 objects were discarded
-------------------------------------------------------------
[StrokeClustering] info: total 103 object not found in combinations. Might be eliminated as a part of other selected object
[StokeClustering] info: iter 35 - total 205 false negative
[StokeClustering] info: iter 35 - total 394 false positive
[StokeClustering] info: iter 35 total 325 true positive
[StokeClustering] info: iter 35 precision:0.4520166898470097
[StokeClustering] info: iter 35 recall:0.6132075471698113
[StrokeClustering] info: 16 objects were discarded
-------------------------------------------------------------
[StrokeClustering] info: total 103 object not found in combinations. Might be eliminated as a part of other selected object
[StokeClustering] info: iter 36 - total 203 false negative
[StokeClustering] info: iter 36 - total 394 false positive
[StokeClustering] info: iter 36 total 327 true positive
[StokeClustering] info: iter 36 precision:0.4535367545076283
[StokeClustering] info: iter 36 recall:0.6169811320754717
[StrokeClustering] info: 5 objects were discarded
-------------------------------------------------------------
[StrokeClustering] info: total 105 object not found in combinations. Might be eliminated as a part of other selected object
[StokeClustering] info: iter 37 - total 189 false negative
[StokeClustering] info: iter 37 - total 394 false positive
[StokeClustering] info: iter 37 total 341 true positive
[StokeClustering] info: iter 37 precision:0.4639455782312925
[StokeClustering] info: iter 37 recall:0.6433962264150943
[StrokeClustering] info: 30 objects were discarded
-------------------------------------------------------------
[StrokeClustering] info: total 105 object not found in combinations. Might be eliminated as a part of other selected object
[StokeClustering] info: iter 38 - total 186 false negative
[StokeClustering] info: iter 38 - total 370 false positive
[StokeClustering] info: iter 38 total 344 true positive
[StokeClustering] info: iter 38 precision:0.48179271708683474
[StokeClustering] info: iter 38 recall:0.6490566037735849
[StrokeClustering] info: 50 objects were discarded
-------------------------------------------------------------
[StrokeClustering] info: total 124 object not found in combinations. Might be eliminated as a part of other selected object
[StokeClustering] info: iter 39 - total 206 false negative
[StokeClustering] info: iter 39 - total 344 false positive
[StokeClustering] info: iter 39 total 324 true positive
[StokeClustering] info: iter 39 precision:0.48502994011976047
[StokeClustering] info: iter 39 recall:0.6113207547169811
[StrokeClustering] info: 8 objects were discarded
-------------------------------------------------------------
[StrokeClustering] info: total 124 object not found in combinations. Might be eliminated as a part of other selected object
[StokeClustering] info: iter 40 - total 205 false negative
[StokeClustering] info: iter 40 - total 343 false positive
[StokeClustering] info: iter 40 total 325 true positive
[StokeClustering] info: iter 40 precision:0.4865269461077844
[StokeClustering] info: iter 40 recall:0.6132075471698113
[StrokeClustering] info: 7 objects were discarded
-------------------------------------------------------------
[StrokeClustering] info: total 125 object not found in combinations. Might be eliminated as a part of other selected object
[StokeClustering] info: iter 41 - total 202 false negative
[StokeClustering] info: iter 41 - total 350 false positive
[StokeClustering] info: iter 41 total 328 true positive
[StokeClustering] info: iter 41 precision:0.4837758112094395
[StokeClustering] info: iter 41 recall:0.6188679245283019
[StrokeClustering] info: 13 objects were discarded
-------------------------------------------------------------
[StrokeClustering] info: total 126 object not found in combinations. Might be eliminated as a part of other selected object
[StokeClustering] info: iter 42 - total 199 false negative
[StokeClustering] info: iter 42 - total 343 false positive
[StokeClustering] info: iter 42 total 331 true positive
[StokeClustering] info: iter 42 precision:0.4910979228486647
[StokeClustering] info: iter 42 recall:0.6245283018867924
[StrokeClustering] info: 1 objects were discarded
-------------------------------------------------------------
[StrokeClustering] info: total 126 object not found in combinations. Might be eliminated as a part of other selected object
[StokeClustering] info: iter 43 - total 196 false negative
[StokeClustering] info: iter 43 - total 356 false positive
[StokeClustering] info: iter 43 total 334 true positive
[StokeClustering] info: iter 43 precision:0.48405797101449277
[StokeClustering] info: iter 43 recall:0.630188679245283
[StrokeClustering] info: 38 objects were discarded
-------------------------------------------------------------
[StrokeClustering] info: total 140 object not found in combinations. Might be eliminated as a part of other selected object
[StokeClustering] info: iter 44 - total 207 false negative
[StokeClustering] info: iter 44 - total 355 false positive
[StokeClustering] info: iter 44 total 322 true positive
[StokeClustering] info: iter 44 precision:0.4756277695716396
[StokeClustering] info: iter 44 recall:0.6086956521739131
[StrokeClustering] info: 14 objects were discarded
-------------------------------------------------------------
[StrokeClustering] info: total 142 object not found in combinations. Might be eliminated as a part of other selected object
[StokeClustering] info: iter 45 - total 209 false negative
[StokeClustering] info: iter 45 - total 368 false positive
[StokeClustering] info: iter 45 total 320 true positive
[StokeClustering] info: iter 45 precision:0.46511627906976744
[StokeClustering] info: iter 45 recall:0.6049149338374291
[StrokeClustering] info: 55 objects were discarded
-------------------------------------------------------------
[StrokeClustering] info: total 151 object not found in combinations. Might be eliminated as a part of other selected object
[StokeClustering] info: iter 46 - total 214 false negative
[StokeClustering] info: iter 46 - total 345 false positive
[StokeClustering] info: iter 46 total 315 true positive
[StokeClustering] info: iter 46 precision:0.4772727272727273
[StokeClustering] info: iter 46 recall:0.5954631379962193
[StrokeClustering] info: 15 objects were discarded
-------------------------------------------------------------
[StrokeClustering] info: total 153 object not found in combinations. Might be eliminated as a part of other selected object
[StokeClustering] info: iter 47 - total 211 false negative
[StokeClustering] info: iter 47 - total 349 false positive
[StokeClustering] info: iter 47 total 318 true positive
[StokeClustering] info: iter 47 precision:0.4767616191904048
[StokeClustering] info: iter 47 recall:0.6011342155009451
[StrokeClustering] info: 23 objects were discarded
-------------------------------------------------------------
[StrokeClustering] info: total 155 object not found in combinations. Might be eliminated as a part of other selected object
[StokeClustering] info: iter 48 - total 208 false negative
[StokeClustering] info: iter 48 - total 351 false positive
[StokeClustering] info: iter 48 total 321 true positive
[StokeClustering] info: iter 48 precision:0.47767857142857145
[StokeClustering] info: iter 48 recall:0.6068052930056711
[StrokeClustering] info: 27 objects were discarded
-------------------------------------------------------------
[StrokeClustering] info: total 159 object not found in combinations. Might be eliminated as a part of other selected object
[StokeClustering] info: iter 49 - total 208 false negative
[StokeClustering] info: iter 49 - total 327 false positive
[StokeClustering] info: iter 49 total 321 true positive
[StokeClustering] info: iter 49 precision:0.49537037037037035
[StokeClustering] info: iter 49 recall:0.6068052930056711
[StrokeClustering] info: 42 objects were discarded
-------------------------------------------------------------
[StrokeClustering] info: total 159 object not found in combinations. Might be eliminated as a part of other selected object
[StokeClustering] info: iter 50 - total 208 false negative
[StokeClustering] info: iter 50 - total 311 false positive
[StokeClustering] info: iter 50 total 321 true positive
[StokeClustering] info: iter 50 precision:0.5079113924050633
[StokeClustering] info: iter 50 recall:0.6068052930056711
[StrokeClustering] info: 4 objects were discarded
-------------------------------------------------------------
[StrokeClustering] info: total 160 object not found in combinations. Might be eliminated as a part of other selected object
[StokeClustering] info: iter 51 - total 206 false negative
[StokeClustering] info: iter 51 - total 322 false positive
[StokeClustering] info: iter 51 total 323 true positive
[StokeClustering] info: iter 51 precision:0.5007751937984496
[StokeClustering] info: iter 51 recall:0.610586011342155
[StrokeClustering] info: 21 objects were discarded
-------------------------------------------------------------
[StrokeClustering] info: total 166 object not found in combinations. Might be eliminated as a part of other selected object
[StokeClustering] info: iter 52 - total 211 false negative
[StokeClustering] info: iter 52 - total 328 false positive
[StokeClustering] info: iter 52 total 318 true positive
[StokeClustering] info: iter 52 precision:0.49226006191950467
[StokeClustering] info: iter 52 recall:0.6011342155009451
[StrokeClustering] info: 41 objects were discarded
-------------------------------------------------------------
[StrokeClustering] info: total 172 object not found in combinations. Might be eliminated as a part of other selected object
[StokeClustering] info: iter 53 - total 217 false negative
[StokeClustering] info: iter 53 - total 301 false positive
[StokeClustering] info: iter 53 total 312 true positive
[StokeClustering] info: iter 53 precision:0.5089722675367048
[StokeClustering] info: iter 53 recall:0.5897920604914934
[StrokeClustering] info: 2 objects were discarded
-------------------------------------------------------------
[StrokeClustering] info: total 172 object not found in combinations. Might be eliminated as a part of other selected object
[StokeClustering] info: iter 54 - total 215 false negative
[StokeClustering] info: iter 54 - total 304 false positive
[StokeClustering] info: iter 54 total 314 true positive
[StokeClustering] info: iter 54 precision:0.5080906148867314
[StokeClustering] info: iter 54 recall:0.5935727788279773
[StrokeClustering] info: 12 objects were discarded
-------------------------------------------------------------
[StrokeClustering] info: total 172 object not found in combinations. Might be eliminated as a part of other selected object
[StokeClustering] info: iter 55 - total 211 false negative
[StokeClustering] info: iter 55 - total 301 false positive
[StokeClustering] info: iter 55 total 318 true positive
[StokeClustering] info: iter 55 precision:0.5137318255250404
[StokeClustering] info: iter 55 recall:0.6011342155009451
[StrokeClustering] info: 26 objects were discarded
-------------------------------------------------------------
[StrokeClustering] info: total 175 object not found in combinations. Might be eliminated as a part of other selected object
[StokeClustering] info: iter 56 - total 212 false negative
[StokeClustering] info: iter 56 - total 282 false positive
[StokeClustering] info: iter 56 total 316 true positive
[StokeClustering] info: iter 56 precision:0.5284280936454849
[StokeClustering] info: iter 56 recall:0.5984848484848485
[StrokeClustering] info: 13 objects were discarded
-------------------------------------------------------------
[StrokeClustering] info: total 175 object not found in combinations. Might be eliminated as a part of other selected object
[StokeClustering] info: iter 57 - total 211 false negative
[StokeClustering] info: iter 57 - total 272 false positive
[StokeClustering] info: iter 57 total 317 true positive
[StokeClustering] info: iter 57 precision:0.5382003395585738
[StokeClustering] info: iter 57 recall:0.6003787878787878
