[ParsingEvaluation] taget object contains 12 objects
[ParsingEvaluation] warn: 93 unordered objects were found and discarded
[ParsingEvaluation] warn: a sketch has no object of the accepted labels -- its labels are['Rectangle' 'Number' 'Number' 'Number' 'Rectangle']
[ParsingEvaluation] warn: a sketch has no object of the accepted labels -- its labels are['Number' 'Number' 'Number']
[ParsingEvaluation] warn: a sketch has no object of the accepted labels -- its labels are['Number' 'Number' 'Parenthesis Right' 'Parenthesis Left' 'Number'
 'Parenthesis Left' 'Parenthesis Right']
[ParsingEvaluation] testing directory contains 423 objects
[ParsingEvaluation] after cleaning, taget object contains 9 objects
[ParsingEvaluation] after cleaning, testing directory contains 423 objects
[ParsingEvaluation] Total number of objects:  423
[ParsingEvaluation] Single stroke objects:  164
[ParsingEvaluation] Single stroke/number of objects ration:  0.3877068557919622
[StrokeClustering] info: eps initial value:7
[StrokeClustering] info: mn_samples:7
[run-experiment] resorting checkpoint if exists
[Checkpoint] Restored, step #207536
original embeddings obtained
[StrokeClustering] info: total 79 object not found in combinations. Might be eliminated as a part of other selected object
[StokeClustering] info: iter 0 - total 346 false negative
[StokeClustering] info: iter 0 - total 662 false positive
[StokeClustering] info: iter 0 total 77 true positive
[StokeClustering] info: iter 0 precision:0.10419485791610285
[StokeClustering] info: iter 0 recall:0.18203309692671396
[StrokeClustering] info: 229 objects were discarded
-------------------------------------------------------------
[StrokeClustering] info: total 79 object not found in combinations. Might be eliminated as a part of other selected object
[StokeClustering] info: iter 1 - total 340 false negative
[StokeClustering] info: iter 1 - total 436 false positive
[StokeClustering] info: iter 1 total 83 true positive
[StokeClustering] info: iter 1 precision:0.1599229287090559
[StokeClustering] info: iter 1 recall:0.19621749408983452
[StrokeClustering] info: 15 objects were discarded
-------------------------------------------------------------
[StrokeClustering] info: total 79 object not found in combinations. Might be eliminated as a part of other selected object
[StokeClustering] info: iter 2 - total 339 false negative
[StokeClustering] info: iter 2 - total 422 false positive
[StokeClustering] info: iter 2 total 84 true positive
[StokeClustering] info: iter 2 precision:0.16600790513833993
[StokeClustering] info: iter 2 recall:0.19858156028368795
[StrokeClustering] info: 5 objects were discarded
-------------------------------------------------------------
[StrokeClustering] info: total 79 object not found in combinations. Might be eliminated as a part of other selected object
[StokeClustering] info: iter 3 - total 327 false negative
[StokeClustering] info: iter 3 - total 421 false positive
[StokeClustering] info: iter 3 total 96 true positive
[StokeClustering] info: iter 3 precision:0.18568665377176016
[StokeClustering] info: iter 3 recall:0.22695035460992907
[StrokeClustering] info: 17 objects were discarded
-------------------------------------------------------------
[StrokeClustering] info: total 79 object not found in combinations. Might be eliminated as a part of other selected object
[StokeClustering] info: iter 4 - total 326 false negative
[StokeClustering] info: iter 4 - total 413 false positive
[StokeClustering] info: iter 4 total 97 true positive
[StokeClustering] info: iter 4 precision:0.19019607843137254
[StokeClustering] info: iter 4 recall:0.2293144208037825
[StrokeClustering] info: 10 objects were discarded
-------------------------------------------------------------
[StrokeClustering] info: total 79 object not found in combinations. Might be eliminated as a part of other selected object
[StokeClustering] info: iter 5 - total 324 false negative
[StokeClustering] info: iter 5 - total 419 false positive
[StokeClustering] info: iter 5 total 99 true positive
[StokeClustering] info: iter 5 precision:0.19111969111969113
[StokeClustering] info: iter 5 recall:0.23404255319148937
[StrokeClustering] info: 25 objects were discarded
-------------------------------------------------------------
[StrokeClustering] info: total 79 object not found in combinations. Might be eliminated as a part of other selected object
[StokeClustering] info: iter 6 - total 313 false negative
[StokeClustering] info: iter 6 - total 409 false positive
[StokeClustering] info: iter 6 total 110 true positive
[StokeClustering] info: iter 6 precision:0.2119460500963391
[StokeClustering] info: iter 6 recall:0.26004728132387706
[StrokeClustering] info: 25 objects were discarded
-------------------------------------------------------------
[StrokeClustering] info: total 79 object not found in combinations. Might be eliminated as a part of other selected object
[StokeClustering] info: iter 7 - total 302 false negative
[StokeClustering] info: iter 7 - total 388 false positive
[StokeClustering] info: iter 7 total 121 true positive
[StokeClustering] info: iter 7 precision:0.23772102161100198
[StokeClustering] info: iter 7 recall:0.2860520094562648
[StrokeClustering] info: 4 objects were discarded
-------------------------------------------------------------
[StrokeClustering] info: total 79 object not found in combinations. Might be eliminated as a part of other selected object
[StokeClustering] info: iter 8 - total 289 false negative
[StokeClustering] info: iter 8 - total 396 false positive
[StokeClustering] info: iter 8 total 134 true positive
[StokeClustering] info: iter 8 precision:0.2528301886792453
[StokeClustering] info: iter 8 recall:0.31678486997635935
[StrokeClustering] info: 37 objects were discarded
-------------------------------------------------------------
[StrokeClustering] info: total 79 object not found in combinations. Might be eliminated as a part of other selected object
[StokeClustering] info: iter 9 - total 289 false negative
[StokeClustering] info: iter 9 - total 376 false positive
[StokeClustering] info: iter 9 total 134 true positive
[StokeClustering] info: iter 9 precision:0.2627450980392157
[StokeClustering] info: iter 9 recall:0.31678486997635935
[StrokeClustering] info: 5 objects were discarded
-------------------------------------------------------------
[StrokeClustering] info: total 79 object not found in combinations. Might be eliminated as a part of other selected object
[StokeClustering] info: iter 10 - total 285 false negative
[StokeClustering] info: iter 10 - total 381 false positive
[StokeClustering] info: iter 10 total 138 true positive
[StokeClustering] info: iter 10 precision:0.2658959537572254
[StokeClustering] info: iter 10 recall:0.3262411347517731
[StrokeClustering] info: 11 objects were discarded
-------------------------------------------------------------
[StrokeClustering] info: total 79 object not found in combinations. Might be eliminated as a part of other selected object
[StokeClustering] info: iter 11 - total 281 false negative
[StokeClustering] info: iter 11 - total 376 false positive
[StokeClustering] info: iter 11 total 142 true positive
[StokeClustering] info: iter 11 precision:0.27413127413127414
[StokeClustering] info: iter 11 recall:0.33569739952718675
[StrokeClustering] info: 31 objects were discarded
-------------------------------------------------------------
[StrokeClustering] info: total 79 object not found in combinations. Might be eliminated as a part of other selected object
[StokeClustering] info: iter 12 - total 275 false negative
[StokeClustering] info: iter 12 - total 353 false positive
[StokeClustering] info: iter 12 total 148 true positive
[StokeClustering] info: iter 12 precision:0.2954091816367265
[StokeClustering] info: iter 12 recall:0.34988179669030733
[StrokeClustering] info: 11 objects were discarded
-------------------------------------------------------------
[StrokeClustering] info: total 79 object not found in combinations. Might be eliminated as a part of other selected object
[StokeClustering] info: iter 13 - total 260 false negative
[StokeClustering] info: iter 13 - total 358 false positive
[StokeClustering] info: iter 13 total 163 true positive
[StokeClustering] info: iter 13 precision:0.31285988483685223
[StokeClustering] info: iter 13 recall:0.38534278959810875
[StrokeClustering] info: 9 objects were discarded
-------------------------------------------------------------
[StrokeClustering] info: total 79 object not found in combinations. Might be eliminated as a part of other selected object
[StokeClustering] info: iter 14 - total 256 false negative
[StokeClustering] info: iter 14 - total 351 false positive
[StokeClustering] info: iter 14 total 167 true positive
[StokeClustering] info: iter 14 precision:0.3223938223938224
[StokeClustering] info: iter 14 recall:0.3947990543735225
[StrokeClustering] info: 9 objects were discarded
-------------------------------------------------------------
[StrokeClustering] info: total 79 object not found in combinations. Might be eliminated as a part of other selected object
[StokeClustering] info: iter 15 - total 249 false negative
[StokeClustering] info: iter 15 - total 347 false positive
[StokeClustering] info: iter 15 total 174 true positive
[StokeClustering] info: iter 15 precision:0.33397312859884837
[StokeClustering] info: iter 15 recall:0.41134751773049644
[StrokeClustering] info: 2 objects were discarded
-------------------------------------------------------------
[StrokeClustering] info: total 79 object not found in combinations. Might be eliminated as a part of other selected object
[StokeClustering] info: iter 16 - total 244 false negative
[StokeClustering] info: iter 16 - total 348 false positive
[StokeClustering] info: iter 16 total 179 true positive
[StokeClustering] info: iter 16 precision:0.3396584440227704
[StokeClustering] info: iter 16 recall:0.4231678486997636
[StrokeClustering] info: 4 objects were discarded
-------------------------------------------------------------
[StrokeClustering] info: total 79 object not found in combinations. Might be eliminated as a part of other selected object
[StokeClustering] info: iter 17 - total 239 false negative
[StokeClustering] info: iter 17 - total 352 false positive
[StokeClustering] info: iter 17 total 184 true positive
[StokeClustering] info: iter 17 precision:0.34328358208955223
[StokeClustering] info: iter 17 recall:0.43498817966903075
[StrokeClustering] info: 27 objects were discarded
-------------------------------------------------------------
[StrokeClustering] info: total 79 object not found in combinations. Might be eliminated as a part of other selected object
[StokeClustering] info: iter 18 - total 236 false negative
[StokeClustering] info: iter 18 - total 339 false positive
[StokeClustering] info: iter 18 total 187 true positive
[StokeClustering] info: iter 18 precision:0.35551330798479086
[StokeClustering] info: iter 18 recall:0.44208037825059104
[StrokeClustering] info: 7 objects were discarded
-------------------------------------------------------------
[StrokeClustering] info: total 79 object not found in combinations. Might be eliminated as a part of other selected object
[StokeClustering] info: iter 19 - total 232 false negative
[StokeClustering] info: iter 19 - total 348 false positive
[StokeClustering] info: iter 19 total 191 true positive
[StokeClustering] info: iter 19 precision:0.35435992578849723
[StokeClustering] info: iter 19 recall:0.4515366430260047
[StrokeClustering] info: 14 objects were discarded
-------------------------------------------------------------
[StrokeClustering] info: total 79 object not found in combinations. Might be eliminated as a part of other selected object
[StokeClustering] info: iter 20 - total 220 false negative
[StokeClustering] info: iter 20 - total 348 false positive
[StokeClustering] info: iter 20 total 203 true positive
[StokeClustering] info: iter 20 precision:0.3684210526315789
[StokeClustering] info: iter 20 recall:0.4799054373522459
[StrokeClustering] info: 7 objects were discarded
-------------------------------------------------------------
[StrokeClustering] info: total 79 object not found in combinations. Might be eliminated as a part of other selected object
[StokeClustering] info: iter 21 - total 214 false negative
[StokeClustering] info: iter 21 - total 346 false positive
[StokeClustering] info: iter 21 total 209 true positive
[StokeClustering] info: iter 21 precision:0.37657657657657656
[StokeClustering] info: iter 21 recall:0.4940898345153664
[StrokeClustering] info: 11 objects were discarded
-------------------------------------------------------------
[StrokeClustering] info: total 79 object not found in combinations. Might be eliminated as a part of other selected object
[StokeClustering] info: iter 22 - total 212 false negative
[StokeClustering] info: iter 22 - total 339 false positive
[StokeClustering] info: iter 22 total 211 true positive
[StokeClustering] info: iter 22 precision:0.3836363636363636
[StokeClustering] info: iter 22 recall:0.4988179669030733
[StrokeClustering] info: 4 objects were discarded
-------------------------------------------------------------
[StrokeClustering] info: total 79 object not found in combinations. Might be eliminated as a part of other selected object
[StokeClustering] info: iter 23 - total 209 false negative
[StokeClustering] info: iter 23 - total 338 false positive
[StokeClustering] info: iter 23 total 214 true positive
[StokeClustering] info: iter 23 precision:0.38768115942028986
[StokeClustering] info: iter 23 recall:0.5059101654846335
[StrokeClustering] info: 14 objects were discarded
-------------------------------------------------------------
[StrokeClustering] info: total 79 object not found in combinations. Might be eliminated as a part of other selected object
[StokeClustering] info: iter 24 - total 207 false negative
[StokeClustering] info: iter 24 - total 335 false positive
[StokeClustering] info: iter 24 total 216 true positive
[StokeClustering] info: iter 24 precision:0.39201451905626133
[StokeClustering] info: iter 24 recall:0.5106382978723404
[StrokeClustering] info: 9 objects were discarded
-------------------------------------------------------------
[StrokeClustering] info: total 79 object not found in combinations. Might be eliminated as a part of other selected object
[StokeClustering] info: iter 25 - total 200 false negative
[StokeClustering] info: iter 25 - total 336 false positive
[StokeClustering] info: iter 25 total 223 true positive
[StokeClustering] info: iter 25 precision:0.39892665474060823
[StokeClustering] info: iter 25 recall:0.5271867612293144
[StrokeClustering] info: 17 objects were discarded
-------------------------------------------------------------
[StrokeClustering] info: total 79 object not found in combinations. Might be eliminated as a part of other selected object
[StokeClustering] info: iter 26 - total 199 false negative
[StokeClustering] info: iter 26 - total 324 false positive
[StokeClustering] info: iter 26 total 224 true positive
[StokeClustering] info: iter 26 precision:0.40875912408759124
[StokeClustering] info: iter 26 recall:0.5295508274231678
[StrokeClustering] info: 10 objects were discarded
-------------------------------------------------------------
[StrokeClustering] info: total 80 object not found in combinations. Might be eliminated as a part of other selected object
[StokeClustering] info: iter 27 - total 198 false negative
[StokeClustering] info: iter 27 - total 323 false positive
[StokeClustering] info: iter 27 total 225 true positive
[StokeClustering] info: iter 27 precision:0.41058394160583944
[StokeClustering] info: iter 27 recall:0.5319148936170213
[StrokeClustering] info: 15 objects were discarded
-------------------------------------------------------------
[StrokeClustering] info: total 80 object not found in combinations. Might be eliminated as a part of other selected object
[StokeClustering] info: iter 28 - total 191 false negative
[StokeClustering] info: iter 28 - total 325 false positive
[StokeClustering] info: iter 28 total 232 true positive
[StokeClustering] info: iter 28 precision:0.41651705565529623
[StokeClustering] info: iter 28 recall:0.5484633569739953
[StrokeClustering] info: 3 objects were discarded
-------------------------------------------------------------
[StrokeClustering] info: total 81 object not found in combinations. Might be eliminated as a part of other selected object
[StokeClustering] info: iter 29 - total 183 false negative
[StokeClustering] info: iter 29 - total 343 false positive
[StokeClustering] info: iter 29 total 240 true positive
[StokeClustering] info: iter 29 precision:0.411663807890223
[StokeClustering] info: iter 29 recall:0.5673758865248227
[StrokeClustering] info: 63 objects were discarded
-------------------------------------------------------------
[StrokeClustering] info: total 98 object not found in combinations. Might be eliminated as a part of other selected object
[StokeClustering] info: iter 30 - total 192 false negative
[StokeClustering] info: iter 30 - total 309 false positive
[StokeClustering] info: iter 30 total 231 true positive
[StokeClustering] info: iter 30 precision:0.42777777777777776
[StokeClustering] info: iter 30 recall:0.5460992907801419
[StrokeClustering] info: 14 objects were discarded
-------------------------------------------------------------
[StrokeClustering] info: total 98 object not found in combinations. Might be eliminated as a part of other selected object
[StokeClustering] info: iter 31 - total 191 false negative
[StokeClustering] info: iter 31 - total 307 false positive
[StokeClustering] info: iter 31 total 232 true positive
[StokeClustering] info: iter 31 precision:0.43042671614100186
[StokeClustering] info: iter 31 recall:0.5484633569739953
[StrokeClustering] info: 4 objects were discarded
-------------------------------------------------------------
[StrokeClustering] info: total 100 object not found in combinations. Might be eliminated as a part of other selected object
[StokeClustering] info: iter 32 - total 188 false negative
[StokeClustering] info: iter 32 - total 315 false positive
[StokeClustering] info: iter 32 total 235 true positive
[StokeClustering] info: iter 32 precision:0.42727272727272725
[StokeClustering] info: iter 32 recall:0.5555555555555556
[StrokeClustering] info: 11 objects were discarded
-------------------------------------------------------------
[StrokeClustering] info: total 101 object not found in combinations. Might be eliminated as a part of other selected object
[StokeClustering] info: iter 33 - total 186 false negative
[StokeClustering] info: iter 33 - total 314 false positive
[StokeClustering] info: iter 33 total 237 true positive
[StokeClustering] info: iter 33 precision:0.4301270417422868
[StokeClustering] info: iter 33 recall:0.5602836879432624
[StrokeClustering] info: 24 objects were discarded
-------------------------------------------------------------
[StrokeClustering] info: total 101 object not found in combinations. Might be eliminated as a part of other selected object
[StokeClustering] info: iter 34 - total 183 false negative
[StokeClustering] info: iter 34 - total 303 false positive
[StokeClustering] info: iter 34 total 240 true positive
[StokeClustering] info: iter 34 precision:0.4419889502762431
[StokeClustering] info: iter 34 recall:0.5673758865248227
[StrokeClustering] info: 13 objects were discarded
-------------------------------------------------------------
[StrokeClustering] info: total 101 object not found in combinations. Might be eliminated as a part of other selected object
[StokeClustering] info: iter 35 - total 178 false negative
[StokeClustering] info: iter 35 - total 297 false positive
[StokeClustering] info: iter 35 total 245 true positive
[StokeClustering] info: iter 35 precision:0.45202952029520294
[StokeClustering] info: iter 35 recall:0.5791962174940898
[StrokeClustering] info: 15 objects were discarded
-------------------------------------------------------------
[StrokeClustering] info: total 101 object not found in combinations. Might be eliminated as a part of other selected object
[StokeClustering] info: iter 36 - total 176 false negative
[StokeClustering] info: iter 36 - total 296 false positive
[StokeClustering] info: iter 36 total 247 true positive
[StokeClustering] info: iter 36 precision:0.4548802946593002
[StokeClustering] info: iter 36 recall:0.5839243498817966
[StrokeClustering] info: 3 objects were discarded
-------------------------------------------------------------
[StrokeClustering] info: total 103 object not found in combinations. Might be eliminated as a part of other selected object
[StokeClustering] info: iter 37 - total 175 false negative
[StokeClustering] info: iter 37 - total 296 false positive
[StokeClustering] info: iter 37 total 248 true positive
[StokeClustering] info: iter 37 precision:0.45588235294117646
[StokeClustering] info: iter 37 recall:0.5862884160756501
[StrokeClustering] info: 0 objects were discarded
-------------------------------------------------------------
[StrokeClustering] info: total 103 object not found in combinations. Might be eliminated as a part of other selected object
[StokeClustering] info: iter 38 - total 173 false negative
[StokeClustering] info: iter 38 - total 299 false positive
[StokeClustering] info: iter 38 total 250 true positive
[StokeClustering] info: iter 38 precision:0.4553734061930783
[StokeClustering] info: iter 38 recall:0.5910165484633569
[StrokeClustering] info: 6 objects were discarded
-------------------------------------------------------------
[StrokeClustering] info: total 103 object not found in combinations. Might be eliminated as a part of other selected object
[StokeClustering] info: iter 39 - total 169 false negative
[StokeClustering] info: iter 39 - total 301 false positive
[StokeClustering] info: iter 39 total 254 true positive
[StokeClustering] info: iter 39 precision:0.45765765765765765
[StokeClustering] info: iter 39 recall:0.6004728132387707
[StrokeClustering] info: 24 objects were discarded
-------------------------------------------------------------
[StrokeClustering] info: total 105 object not found in combinations. Might be eliminated as a part of other selected object
[StokeClustering] info: iter 40 - total 170 false negative
[StokeClustering] info: iter 40 - total 301 false positive
[StokeClustering] info: iter 40 total 253 true positive
[StokeClustering] info: iter 40 precision:0.4566787003610108
[StokeClustering] info: iter 40 recall:0.5981087470449172
[StrokeClustering] info: 39 objects were discarded
-------------------------------------------------------------
[StrokeClustering] info: total 110 object not found in combinations. Might be eliminated as a part of other selected object
[StokeClustering] info: iter 41 - total 174 false negative
[StokeClustering] info: iter 41 - total 278 false positive
[StokeClustering] info: iter 41 total 249 true positive
[StokeClustering] info: iter 41 precision:0.47248576850094876
[StokeClustering] info: iter 41 recall:0.5886524822695035
[StrokeClustering] info: 1 objects were discarded
-------------------------------------------------------------
[StrokeClustering] info: total 110 object not found in combinations. Might be eliminated as a part of other selected object
[StokeClustering] info: iter 42 - total 170 false negative
[StokeClustering] info: iter 42 - total 284 false positive
[StokeClustering] info: iter 42 total 253 true positive
[StokeClustering] info: iter 42 precision:0.47113594040968343
[StokeClustering] info: iter 42 recall:0.5981087470449172
[StrokeClustering] info: 14 objects were discarded
-------------------------------------------------------------
[StrokeClustering] info: total 114 object not found in combinations. Might be eliminated as a part of other selected object
[StokeClustering] info: iter 43 - total 174 false negative
[StokeClustering] info: iter 43 - total 285 false positive
[StokeClustering] info: iter 43 total 249 true positive
[StokeClustering] info: iter 43 precision:0.46629213483146065
[StokeClustering] info: iter 43 recall:0.5886524822695035
[StrokeClustering] info: 0 objects were discarded
-------------------------------------------------------------
[StrokeClustering] info: total 114 object not found in combinations. Might be eliminated as a part of other selected object
[StokeClustering] info: iter 44 - total 171 false negative
[StokeClustering] info: iter 44 - total 288 false positive
[StokeClustering] info: iter 44 total 252 true positive
[StokeClustering] info: iter 44 precision:0.4666666666666667
[StokeClustering] info: iter 44 recall:0.5957446808510638
[StrokeClustering] info: 12 objects were discarded
-------------------------------------------------------------
[StrokeClustering] info: total 115 object not found in combinations. Might be eliminated as a part of other selected object
[StokeClustering] info: iter 45 - total 173 false negative
[StokeClustering] info: iter 45 - total 306 false positive
[StokeClustering] info: iter 45 total 250 true positive
[StokeClustering] info: iter 45 precision:0.44964028776978415
[StokeClustering] info: iter 45 recall:0.5910165484633569
[StrokeClustering] info: 47 objects were discarded
-------------------------------------------------------------
[StrokeClustering] info: total 123 object not found in combinations. Might be eliminated as a part of other selected object
[StokeClustering] info: iter 46 - total 178 false negative
[StokeClustering] info: iter 46 - total 275 false positive
[StokeClustering] info: iter 46 total 245 true positive
[StokeClustering] info: iter 46 precision:0.47115384615384615
[StokeClustering] info: iter 46 recall:0.5791962174940898
[StrokeClustering] info: 9 objects were discarded
-------------------------------------------------------------
[StrokeClustering] info: total 123 object not found in combinations. Might be eliminated as a part of other selected object
[StokeClustering] info: iter 47 - total 173 false negative
[StokeClustering] info: iter 47 - total 274 false positive
[StokeClustering] info: iter 47 total 250 true positive
[StokeClustering] info: iter 47 precision:0.4770992366412214
[StokeClustering] info: iter 47 recall:0.5910165484633569
[StrokeClustering] info: 14 objects were discarded
-------------------------------------------------------------
[StrokeClustering] info: total 125 object not found in combinations. Might be eliminated as a part of other selected object
[StokeClustering] info: iter 48 - total 173 false negative
[StokeClustering] info: iter 48 - total 284 false positive
[StokeClustering] info: iter 48 total 250 true positive
[StokeClustering] info: iter 48 precision:0.4681647940074906
[StokeClustering] info: iter 48 recall:0.5910165484633569
[StrokeClustering] info: 64 objects were discarded
-------------------------------------------------------------
[StrokeClustering] info: total 139 object not found in combinations. Might be eliminated as a part of other selected object
[StokeClustering] info: iter 49 - total 181 false negative
[StokeClustering] info: iter 49 - total 249 false positive
[StokeClustering] info: iter 49 total 242 true positive
[StokeClustering] info: iter 49 precision:0.49287169042769857
[StokeClustering] info: iter 49 recall:0.5721040189125296
[StrokeClustering] info: 26 objects were discarded
-------------------------------------------------------------
[StrokeClustering] info: total 139 object not found in combinations. Might be eliminated as a part of other selected object
[StokeClustering] info: iter 50 - total 183 false negative
[StokeClustering] info: iter 50 - total 245 false positive
[StokeClustering] info: iter 50 total 240 true positive
[StokeClustering] info: iter 50 precision:0.4948453608247423
[StokeClustering] info: iter 50 recall:0.5673758865248227
[StrokeClustering] info: 22 objects were discarded
-------------------------------------------------------------
[StrokeClustering] info: total 141 object not found in combinations. Might be eliminated as a part of other selected object
[StokeClustering] info: iter 51 - total 182 false negative
[StokeClustering] info: iter 51 - total 234 false positive
[StokeClustering] info: iter 51 total 240 true positive
[StokeClustering] info: iter 51 precision:0.5063291139240507
[StokeClustering] info: iter 51 recall:0.5687203791469194
[StrokeClustering] info: 8 objects were discarded
-------------------------------------------------------------
[StrokeClustering] info: total 141 object not found in combinations. Might be eliminated as a part of other selected object
[StokeClustering] info: iter 52 - total 181 false negative
[StokeClustering] info: iter 52 - total 227 false positive
[StokeClustering] info: iter 52 total 241 true positive
[StokeClustering] info: iter 52 precision:0.5149572649572649
[StokeClustering] info: iter 52 recall:0.5710900473933649
[StrokeClustering] info: 5 objects were discarded
-------------------------------------------------------------
[StrokeClustering] info: total 142 object not found in combinations. Might be eliminated as a part of other selected object
[StokeClustering] info: iter 53 - total 181 false negative
[StokeClustering] info: iter 53 - total 224 false positive
[StokeClustering] info: iter 53 total 241 true positive
[StokeClustering] info: iter 53 precision:0.5182795698924731
[StokeClustering] info: iter 53 recall:0.5710900473933649
[StrokeClustering] info: 7 objects were discarded
-------------------------------------------------------------
[StrokeClustering] info: total 143 object not found in combinations. Might be eliminated as a part of other selected object
[StokeClustering] info: iter 54 - total 180 false negative
[StokeClustering] info: iter 54 - total 221 false positive
[StokeClustering] info: iter 54 total 242 true positive
[StokeClustering] info: iter 54 precision:0.5226781857451404
[StokeClustering] info: iter 54 recall:0.5734597156398105
