[ParsingEvaluation] taget object contains 6 objects
ParsingEvaluation] error: could not read file succefully /Users/moayedhajiali/Desktop/Projects/Sketch-Morphing/ASIST_Dataset/Data/Data_A/MoneyQuestion/3_1b40f115-32ea-4dcb-ab58-37701d28322c.xml
attempt to get argmin of an empty sequence
[ParsingEvaluation] warn: 41 unordered objects were found and discarded
[ParsingEvaluation] testing directory contains 869 objects
[ParsingEvaluation] after cleaning, taget object contains 6 objects
[ParsingEvaluation] after cleaning, testing directory contains 869 objects
[ParsingEvaluation] Total number of objects:  869
[ParsingEvaluation] Single stroke objects:  622
[ParsingEvaluation] Single stroke/number of objects ration:  0.715765247410817
[StrokeClustering] info: eps initial value:8
[StrokeClustering] info: mn_samples:7
[run-experiment] resorting checkpoint if exists
[Checkpoint] Restored, step #207536
original embeddings obtained
[StrokeClustering] info: total 13 object not found in combinations. Might be eliminated as a part of other selected object
[StokeClustering] info: iter 0 - total 252 false negative
[StokeClustering] info: iter 0 - total 658 false positive
[StokeClustering] info: iter 0 total 620 true positive
[StokeClustering] info: iter 0 precision:0.48513302034428796
[StokeClustering] info: iter 0 recall:0.7110091743119266
-------------------------------------------------------------
[StrokeClustering] info: 549 objects were discarded
[StrokeClustering] info: total 83 object not found in combinations. Might be eliminated as a part of other selected object
[StokeClustering] info: iter 1 - total 308 false negative
[StokeClustering] info: iter 1 - total 231 false positive
[StokeClustering] info: iter 1 total 549 true positive
[StokeClustering] info: iter 1 precision:0.7038461538461539
[StokeClustering] info: iter 1 recall:0.6406067677946324
-------------------------------------------------------------
[StrokeClustering] info: 15 objects were discarded
[StrokeClustering] info: total 84 object not found in combinations. Might be eliminated as a part of other selected object
[StokeClustering] info: iter 2 - total 301 false negative
[StokeClustering] info: iter 2 - total 225 false positive
[StokeClustering] info: iter 2 total 556 true positive
[StokeClustering] info: iter 2 precision:0.7119078104993598
[StokeClustering] info: iter 2 recall:0.6487747957992999
-------------------------------------------------------------
[StrokeClustering] info: 8 objects were discarded
[StrokeClustering] info: total 84 object not found in combinations. Might be eliminated as a part of other selected object
[StokeClustering] info: iter 3 - total 295 false negative
[StokeClustering] info: iter 3 - total 231 false positive
[StokeClustering] info: iter 3 total 562 true positive
[StokeClustering] info: iter 3 precision:0.7087011349306431
[StokeClustering] info: iter 3 recall:0.6557759626604434
-------------------------------------------------------------
[StrokeClustering] info: 15 objects were discarded
[StrokeClustering] info: total 84 object not found in combinations. Might be eliminated as a part of other selected object
[StokeClustering] info: iter 4 - total 286 false negative
[StokeClustering] info: iter 4 - total 222 false positive
[StokeClustering] info: iter 4 total 569 true positive
[StokeClustering] info: iter 4 precision:0.7193426042983565
[StokeClustering] info: iter 4 recall:0.6654970760233918
-------------------------------------------------------------
[StrokeClustering] info: 6 objects were discarded
[StrokeClustering] info: total 86 object not found in combinations. Might be eliminated as a part of other selected object
[StokeClustering] info: iter 5 - total 286 false negative
[StokeClustering] info: iter 5 - total 221 false positive
[StokeClustering] info: iter 5 total 569 true positive
[StokeClustering] info: iter 5 precision:0.720253164556962
[StokeClustering] info: iter 5 recall:0.6654970760233918
-------------------------------------------------------------
[StrokeClustering] info: 2 objects were discarded
[StrokeClustering] info: total 88 object not found in combinations. Might be eliminated as a part of other selected object
[StokeClustering] info: iter 6 - total 275 false negative
[StokeClustering] info: iter 6 - total 224 false positive
[StokeClustering] info: iter 6 total 580 true positive
[StokeClustering] info: iter 6 precision:0.7213930348258707
[StokeClustering] info: iter 6 recall:0.6783625730994152
-------------------------------------------------------------
[StrokeClustering] info: 11 objects were discarded
[StrokeClustering] info: total 88 object not found in combinations. Might be eliminated as a part of other selected object
[StokeClustering] info: iter 7 - total 268 false negative
[StokeClustering] info: iter 7 - total 215 false positive
[StokeClustering] info: iter 7 total 587 true positive
[StokeClustering] info: iter 7 precision:0.7319201995012469
[StokeClustering] info: iter 7 recall:0.6865497076023391
-------------------------------------------------------------
[StrokeClustering] info: 13 objects were discarded
[StrokeClustering] info: total 88 object not found in combinations. Might be eliminated as a part of other selected object
[StokeClustering] info: iter 8 - total 263 false negative
[StokeClustering] info: iter 8 - total 204 false positive
[StokeClustering] info: iter 8 total 592 true positive
[StokeClustering] info: iter 8 precision:0.7437185929648241
[StokeClustering] info: iter 8 recall:0.6923976608187135
-------------------------------------------------------------
[StrokeClustering] info: 0 objects were discarded
[StrokeClustering] info: total 88 object not found in combinations. Might be eliminated as a part of other selected object
[StokeClustering] info: iter 9 - total 259 false negative
[StokeClustering] info: iter 9 - total 208 false positive
[StokeClustering] info: iter 9 total 596 true positive
[StokeClustering] info: iter 9 precision:0.7412935323383084
[StokeClustering] info: iter 9 recall:0.6970760233918128
-------------------------------------------------------------
[StrokeClustering] info: 3 objects were discarded
[StrokeClustering] info: total 89 object not found in combinations. Might be eliminated as a part of other selected object
[StokeClustering] info: iter 10 - total 259 false negative
[StokeClustering] info: iter 10 - total 212 false positive
[StokeClustering] info: iter 10 total 596 true positive
[StokeClustering] info: iter 10 precision:0.7376237623762376
[StokeClustering] info: iter 10 recall:0.6970760233918128
-------------------------------------------------------------
[StrokeClustering] info: 2 objects were discarded
[StrokeClustering] info: total 91 object not found in combinations. Might be eliminated as a part of other selected object
[StokeClustering] info: iter 11 - total 256 false negative
[StokeClustering] info: iter 11 - total 227 false positive
[StokeClustering] info: iter 11 total 599 true positive
[StokeClustering] info: iter 11 precision:0.725181598062954
[StokeClustering] info: iter 11 recall:0.7005847953216374
-------------------------------------------------------------
[StrokeClustering] info: 23 objects were discarded
[StrokeClustering] info: total 105 object not found in combinations. Might be eliminated as a part of other selected object
[StokeClustering] info: iter 12 - total 269 false negative
[StokeClustering] info: iter 12 - total 239 false positive
[StokeClustering] info: iter 12 total 580 true positive
[StokeClustering] info: iter 12 precision:0.7081807081807082
[StokeClustering] info: iter 12 recall:0.6831566548881036
-------------------------------------------------------------
[StrokeClustering] info: 16 objects were discarded
[StrokeClustering] info: total 112 object not found in combinations. Might be eliminated as a part of other selected object
[StokeClustering] info: iter 13 - total 261 false negative
[StokeClustering] info: iter 13 - total 221 false positive
[StokeClustering] info: iter 13 total 590 true positive
[StokeClustering] info: iter 13 precision:0.7274969173859432
[StokeClustering] info: iter 13 recall:0.6933019976498237
-------------------------------------------------------------
[StrokeClustering] info: 5 objects were discarded
[StrokeClustering] info: total 112 object not found in combinations. Might be eliminated as a part of other selected object
[StokeClustering] info: iter 14 - total 256 false negative
[StokeClustering] info: iter 14 - total 226 false positive
[StokeClustering] info: iter 14 total 595 true positive
[StokeClustering] info: iter 14 precision:0.7247259439707674
[StokeClustering] info: iter 14 recall:0.699177438307873
-------------------------------------------------------------
[StrokeClustering] info: 14 objects were discarded
[StrokeClustering] info: total 118 object not found in combinations. Might be eliminated as a part of other selected object
[StokeClustering] info: iter 15 - total 250 false negative
[StokeClustering] info: iter 15 - total 231 false positive
[StokeClustering] info: iter 15 total 597 true positive
[StokeClustering] info: iter 15 precision:0.7210144927536232
[StokeClustering] info: iter 15 recall:0.704840613931523
-------------------------------------------------------------
[StrokeClustering] info: 38 objects were discarded
[StrokeClustering] info: total 120 object not found in combinations. Might be eliminated as a part of other selected object
[StokeClustering] info: iter 16 - total 250 false negative
[StokeClustering] info: iter 16 - total 214 false positive
[StokeClustering] info: iter 16 total 597 true positive
[StokeClustering] info: iter 16 precision:0.7361282367447596
[StokeClustering] info: iter 16 recall:0.704840613931523
-------------------------------------------------------------
[StrokeClustering] info: 7 objects were discarded
[StrokeClustering] info: total 120 object not found in combinations. Might be eliminated as a part of other selected object
[StokeClustering] info: iter 17 - total 243 false negative
[StokeClustering] info: iter 17 - total 211 false positive
[StokeClustering] info: iter 17 total 603 true positive
[StokeClustering] info: iter 17 precision:0.7407862407862408
[StokeClustering] info: iter 17 recall:0.7127659574468085
-------------------------------------------------------------
[StrokeClustering] info: 4 objects were discarded
[StrokeClustering] info: total 122 object not found in combinations. Might be eliminated as a part of other selected object
[StokeClustering] info: iter 18 - total 241 false negative
[StokeClustering] info: iter 18 - total 221 false positive
[StokeClustering] info: iter 18 total 605 true positive
[StokeClustering] info: iter 18 precision:0.7324455205811138
[StokeClustering] info: iter 18 recall:0.7151300236406619
-------------------------------------------------------------
[StrokeClustering] info: 26 objects were discarded
[StrokeClustering] info: total 126 object not found in combinations. Might be eliminated as a part of other selected object
[StokeClustering] info: iter 19 - total 243 false negative
[StokeClustering] info: iter 19 - total 209 false positive
[StokeClustering] info: iter 19 total 602 true positive
[StokeClustering] info: iter 19 precision:0.7422934648581998
[StokeClustering] info: iter 19 recall:0.7124260355029586
-------------------------------------------------------------
[StrokeClustering] info: 11 objects were discarded
[StrokeClustering] info: total 130 object not found in combinations. Might be eliminated as a part of other selected object
[StokeClustering] info: iter 20 - total 244 false negative
[StokeClustering] info: iter 20 - total 208 false positive
[StokeClustering] info: iter 20 total 602 true positive
[StokeClustering] info: iter 20 precision:0.7432098765432099
[StokeClustering] info: iter 20 recall:0.7115839243498818
-------------------------------------------------------------
[StrokeClustering] info: 0 objects were discarded
[StrokeClustering] info: total 130 object not found in combinations. Might be eliminated as a part of other selected object
[StokeClustering] info: iter 21 - total 236 false negative
[StokeClustering] info: iter 21 - total 214 false positive
[StokeClustering] info: iter 21 total 610 true positive
[StokeClustering] info: iter 21 precision:0.7402912621359223
[StokeClustering] info: iter 21 recall:0.7210401891252955
-------------------------------------------------------------
[StrokeClustering] info: 17 objects were discarded
[StrokeClustering] info: total 132 object not found in combinations. Might be eliminated as a part of other selected object
[StokeClustering] info: iter 22 - total 235 false negative
[StokeClustering] info: iter 22 - total 213 false positive
[StokeClustering] info: iter 22 total 610 true positive
[StokeClustering] info: iter 22 precision:0.741190765492102
[StokeClustering] info: iter 22 recall:0.7218934911242604
-------------------------------------------------------------
[StrokeClustering] info: 14 objects were discarded
[StrokeClustering] info: total 136 object not found in combinations. Might be eliminated as a part of other selected object
[StokeClustering] info: iter 23 - total 235 false negative
[StokeClustering] info: iter 23 - total 199 false positive
[StokeClustering] info: iter 23 total 610 true positive
[StokeClustering] info: iter 23 precision:0.754017305315204
[StokeClustering] info: iter 23 recall:0.7218934911242604
-------------------------------------------------------------
[StrokeClustering] info: 10 objects were discarded
[StrokeClustering] info: total 136 object not found in combinations. Might be eliminated as a part of other selected object
[StokeClustering] info: iter 24 - total 235 false negative
[StokeClustering] info: iter 24 - total 191 false positive
[StokeClustering] info: iter 24 total 610 true positive
[StokeClustering] info: iter 24 precision:0.7615480649188514
[StokeClustering] info: iter 24 recall:0.7218934911242604
-------------------------------------------------------------
[StrokeClustering] info: 2 objects were discarded
[StrokeClustering] info: total 136 object not found in combinations. Might be eliminated as a part of other selected object
[StokeClustering] info: iter 25 - total 232 false negative
[StokeClustering] info: iter 25 - total 195 false positive
[StokeClustering] info: iter 25 total 613 true positive
[StokeClustering] info: iter 25 precision:0.7586633663366337
[StokeClustering] info: iter 25 recall:0.7254437869822485
-------------------------------------------------------------
[StrokeClustering] info: 25 objects were discarded
[StrokeClustering] info: total 138 object not found in combinations. Might be eliminated as a part of other selected object
[StokeClustering] info: iter 26 - total 232 false negative
[StokeClustering] info: iter 26 - total 198 false positive
[StokeClustering] info: iter 26 total 611 true positive
[StokeClustering] info: iter 26 precision:0.7552533992583437
[StokeClustering] info: iter 26 recall:0.7247924080664294
-------------------------------------------------------------
[StrokeClustering] info: 16 objects were discarded
[StrokeClustering] info: total 143 object not found in combinations. Might be eliminated as a part of other selected object
[StokeClustering] info: iter 27 - total 229 false negative
[StokeClustering] info: iter 27 - total 194 false positive
[StokeClustering] info: iter 27 total 614 true positive
[StokeClustering] info: iter 27 precision:0.7599009900990099
[StokeClustering] info: iter 27 recall:0.7283511269276394
-------------------------------------------------------------
[StrokeClustering] info: 17 objects were discarded
[StrokeClustering] info: total 143 object not found in combinations. Might be eliminated as a part of other selected object
[StokeClustering] info: iter 28 - total 224 false negative
[StokeClustering] info: iter 28 - total 185 false positive
[StokeClustering] info: iter 28 total 619 true positive
[StokeClustering] info: iter 28 precision:0.7699004975124378
[StokeClustering] info: iter 28 recall:0.734282325029656
-------------------------------------------------------------
[StrokeClustering] info: 16 objects were discarded
[StrokeClustering] info: total 143 object not found in combinations. Might be eliminated as a part of other selected object
[StokeClustering] info: iter 29 - total 223 false negative
[StokeClustering] info: iter 29 - total 176 false positive
[StokeClustering] info: iter 29 total 619 true positive
[StokeClustering] info: iter 29 precision:0.7786163522012579
[StokeClustering] info: iter 29 recall:0.7351543942992874
-------------------------------------------------------------
[StrokeClustering] info: 17 objects were discarded
[StrokeClustering] info: total 148 object not found in combinations. Might be eliminated as a part of other selected object
[StokeClustering] info: iter 30 - total 221 false negative
[StokeClustering] info: iter 30 - total 174 false positive
[StokeClustering] info: iter 30 total 621 true positive
[StokeClustering] info: iter 30 precision:0.7811320754716982
[StokeClustering] info: iter 30 recall:0.7375296912114014
-------------------------------------------------------------
[StrokeClustering] info: 15 objects were discarded
[StrokeClustering] info: total 150 object not found in combinations. Might be eliminated as a part of other selected object
[StokeClustering] info: iter 31 - total 223 false negative
[StokeClustering] info: iter 31 - total 180 false positive
[StokeClustering] info: iter 31 total 619 true positive
[StokeClustering] info: iter 31 precision:0.7747183979974969
[StokeClustering] info: iter 31 recall:0.7351543942992874
-------------------------------------------------------------
[StrokeClustering] info: 10 objects were discarded
[StrokeClustering] info: total 150 object not found in combinations. Might be eliminated as a part of other selected object
[StokeClustering] info: iter 32 - total 220 false negative
[StokeClustering] info: iter 32 - total 178 false positive
[StokeClustering] info: iter 32 total 618 true positive
[StokeClustering] info: iter 32 precision:0.7763819095477387
[StokeClustering] info: iter 32 recall:0.7374701670644391
-------------------------------------------------------------
[StrokeClustering] info: 16 objects were discarded
[StrokeClustering] info: total 153 object not found in combinations. Might be eliminated as a part of other selected object
[StokeClustering] info: iter 33 - total 224 false negative
[StokeClustering] info: iter 33 - total 174 false positive
[StokeClustering] info: iter 33 total 612 true positive
[StokeClustering] info: iter 33 precision:0.7786259541984732
[StokeClustering] info: iter 33 recall:0.7320574162679426
-------------------------------------------------------------
[StrokeClustering] info: 2 objects were discarded
[StrokeClustering] info: total 153 object not found in combinations. Might be eliminated as a part of other selected object
[StokeClustering] info: iter 34 - total 221 false negative
[StokeClustering] info: iter 34 - total 177 false positive
[StokeClustering] info: iter 34 total 615 true positive
[StokeClustering] info: iter 34 precision:0.7765151515151515
[StokeClustering] info: iter 34 recall:0.7356459330143541
-------------------------------------------------------------
[StrokeClustering] info: 25 objects were discarded
[StrokeClustering] info: total 157 object not found in combinations. Might be eliminated as a part of other selected object
[StokeClustering] info: iter 35 - total 218 false negative
[StokeClustering] info: iter 35 - total 165 false positive
[StokeClustering] info: iter 35 total 619 true positive
[StokeClustering] info: iter 35 precision:0.7895408163265306
[StokeClustering] info: iter 35 recall:0.7395459976105138
-------------------------------------------------------------
[StrokeClustering] info: 5 objects were discarded
[StrokeClustering] info: total 157 object not found in combinations. Might be eliminated as a part of other selected object
[StokeClustering] info: iter 36 - total 215 false negative
[StokeClustering] info: iter 36 - total 162 false positive
[StokeClustering] info: iter 36 total 622 true positive
[StokeClustering] info: iter 36 precision:0.7933673469387755
[StokeClustering] info: iter 36 recall:0.7431302270011948
-------------------------------------------------------------
[StrokeClustering] info: 2 objects were discarded
[StrokeClustering] info: total 157 object not found in combinations. Might be eliminated as a part of other selected object
[StokeClustering] info: iter 37 - total 214 false negative
[StokeClustering] info: iter 37 - total 163 false positive
[StokeClustering] info: iter 37 total 623 true positive
[StokeClustering] info: iter 37 precision:0.7926208651399491
[StokeClustering] info: iter 37 recall:0.7443249701314217
-------------------------------------------------------------
[StrokeClustering] info: 2 objects were discarded
[StrokeClustering] info: total 157 object not found in combinations. Might be eliminated as a part of other selected object
[StokeClustering] info: iter 38 - total 204 false negative
[StokeClustering] info: iter 38 - total 166 false positive
[StokeClustering] info: iter 38 total 632 true positive
[StokeClustering] info: iter 38 precision:0.7919799498746867
[StokeClustering] info: iter 38 recall:0.7559808612440191
-------------------------------------------------------------
[StrokeClustering] info: 27 objects were discarded
[StrokeClustering] info: total 159 object not found in combinations. Might be eliminated as a part of other selected object
[StokeClustering] info: iter 39 - total 203 false negative
[StokeClustering] info: iter 39 - total 161 false positive
[StokeClustering] info: iter 39 total 631 true positive
[StokeClustering] info: iter 39 precision:0.7967171717171717
[StokeClustering] info: iter 39 recall:0.7565947242206235
-------------------------------------------------------------
[StrokeClustering] info: 7 objects were discarded
[StokeClustering] info: total 758 predicted objects
[StrokeClustering] info: total 159 object not found in combinations. Might be eliminated as a part of other selected object
[StokeClustering] info: total 211 false negative
[StokeClustering] info: total 135 false positive
[StokeClustering] info: total 623 true positive
[StokeClustering] info: precision 0.8218997361477572
[StokeClustering] info: recall 0.7470023980815348
